2026-07-06 04:02:42 | INFO     | AQOS | 
============================================================
AI Quant Operating System
Application : AQOS
Version     : 0.1.0
Stage       : Development
Author      : Zohaib Hussain
============================================================
2026-07-06 04:02:42 | INFO     | AQOS | Configuration loaded successfully.
2026-07-06 04:02:42 | INFO     | AQOS | Environment: development
2026-07-06 04:02:42 | INFO     | AQOS | Log Level: INFO
2026-07-06 04:02:42 | INFO     | AQOS | AQOS is ready.
2026-07-06 04:14:47 | INFO     | AQOS | Initializing AQOS...
2026-07-06 04:14:47 | INFO     | AQOS | Configuration loaded successfully.
2026-07-06 04:14:47 | INFO     | AQOS | Verified directory: D:\AI Products\AI Quant Operating System\aqos\logs
2026-07-06 04:14:47 | INFO     | AQOS | Verified directory: D:\AI Products\AI Quant Operating System\aqos\datasets
2026-07-06 04:14:47 | INFO     | AQOS | Verified directory: D:\AI Products\AI Quant Operating System\aqos\experiments
2026-07-06 04:14:47 | INFO     | AQOS | Verified directory: D:\AI Products\AI Quant Operating System\aqos\models
2026-07-06 04:14:47 | INFO     | AQOS | Bootstrap completed successfully.
2026-07-06 04:14:47 | INFO     | AQOS | 
2026-07-06 04:14:47 | INFO     | AQOS | 
============================================================
AI Quant Operating System
Application : AQOS
Version     : 0.1.0
Stage       : Development
Author      : Zohaib Hussain
============================================================
2026-07-06 04:14:47 | INFO     | AQOS | 
2026-07-06 04:14:47 | INFO     | AQOS | AQOS started successfully.
2026-07-06 04:14:47 | INFO     | AQOS | Environment : development
2026-07-06 04:14:47 | INFO     | AQOS | Log Level   : INFO
2026-07-06 04:14:47 | INFO     | AQOS | AQOS is ready.
2026-07-06 04:14:47 | INFO     | AQOS | Shutting down AQOS...
2026-07-06 04:16:39 | INFO     | AQOS | Initializing AQOS...
2026-07-06 04:16:39 | INFO     | AQOS | Configuration loaded successfully.
2026-07-06 04:16:39 | INFO     | AQOS | Verified directory: D:\AI Products\AI Quant Operating System\aqos\logs
2026-07-06 04:16:39 | INFO     | AQOS | Verified directory: D:\AI Products\AI Quant Operating System\aqos\datasets
2026-07-06 04:16:39 | INFO     | AQOS | Verified directory: D:\AI Products\AI Quant Operating System\aqos\experiments
2026-07-06 04:16:39 | INFO     | AQOS | Verified directory: D:\AI Products\AI Quant Operating System\aqos\models
2026-07-06 04:16:39 | INFO     | AQOS | Bootstrap completed successfully.
2026-07-06 04:16:39 | INFO     | AQOS | Shutting down AQOS...
2026-07-06 04:16:39 | INFO     | AQOS | Initializing AQOS...
2026-07-06 04:16:39 | INFO     | AQOS | Configuration loaded successfully.
2026-07-06 04:16:39 | INFO     | AQOS | Verified directory: D:\AI Products\AI Quant Operating System\aqos\logs
2026-07-06 04:16:39 | INFO     | AQOS | Verified directory: D:\AI Products\AI Quant Operating System\aqos\datasets
2026-07-06 04:16:39 | INFO     | AQOS | Verified directory: D:\AI Products\AI Quant Operating System\aqos\experiments
2026-07-06 04:16:39 | INFO     | AQOS | Verified directory: D:\AI Products\AI Quant Operating System\aqos\models
2026-07-06 04:16:39 | INFO     | AQOS | Bootstrap completed successfully.
2026-07-06 04:16:39 | INFO     | AQOS | Shutting down AQOS...
2026-07-06 04:16:39 | INFO     | AQOS | Initializing AQOS...
2026-07-06 04:16:39 | INFO     | AQOS | Configuration loaded successfully.
2026-07-06 04:16:39 | INFO     | AQOS | Verified directory: D:\AI Products\AI Quant Operating System\aqos\logs
2026-07-06 04:16:39 | INFO     | AQOS | Verified directory: D:\AI Products\AI Quant Operating System\aqos\datasets
2026-07-06 04:16:39 | INFO     | AQOS | Verified directory: D:\AI Products\AI Quant Operating System\aqos\experiments
2026-07-06 04:16:39 | INFO     | AQOS | Verified directory: D:\AI Products\AI Quant Operating System\aqos\models
2026-07-06 04:16:39 | INFO     | AQOS | Bootstrap completed successfully.
2026-07-06 04:16:39 | INFO     | AQOS | Shutting down AQOS...
2026-07-06 04:16:39 | INFO     | AQOS | Initializing AQOS...
2026-07-06 04:16:39 | INFO     | AQOS | Configuration loaded successfully.
2026-07-06 04:16:39 | INFO     | AQOS | Verified directory: D:\AI Products\AI Quant Operating System\aqos\logs
2026-07-06 04:16:39 | INFO     | AQOS | Verified directory: D:\AI Products\AI Quant Operating System\aqos\datasets
2026-07-06 04:16:39 | INFO     | AQOS | Verified directory: D:\AI Products\AI Quant Operating System\aqos\experiments
2026-07-06 04:16:39 | INFO     | AQOS | Verified directory: D:\AI Products\AI Quant Operating System\aqos\models
2026-07-06 04:16:39 | INFO     | AQOS | Bootstrap completed successfully.
2026-07-06 04:16:39 | INFO     | AQOS | Shutting down AQOS...
2026-07-06 04:22:12 | INFO     | AQOS | Initializing AQOS...
2026-07-06 04:22:12 | INFO     | AQOS | Configuration loaded successfully.
2026-07-06 04:22:12 | INFO     | AQOS | Verified directory: D:\AI Products\AI Quant Operating System\aqos\logs
2026-07-06 04:22:12 | INFO     | AQOS | Verified directory: D:\AI Products\AI Quant Operating System\aqos\datasets
2026-07-06 04:22:12 | INFO     | AQOS | Verified directory: D:\AI Products\AI Quant Operating System\aqos\experiments
2026-07-06 04:22:12 | INFO     | AQOS | Verified directory: D:\AI Products\AI Quant Operating System\aqos\models
2026-07-06 04:22:12 | INFO     | AQOS | Bootstrap completed successfully.
2026-07-06 04:22:12 | INFO     | AQOS | Shutting down AQOS...
2026-07-06 04:22:12 | INFO     | AQOS | Initializing AQOS...
2026-07-06 04:22:12 | INFO     | AQOS | Configuration loaded successfully.
2026-07-06 04:22:12 | INFO     | AQOS | Verified directory: D:\AI Products\AI Quant Operating System\aqos\logs
2026-07-06 04:22:12 | INFO     | AQOS | Verified directory: D:\AI Products\AI Quant Operating System\aqos\datasets
2026-07-06 04:22:12 | INFO     | AQOS | Verified directory: D:\AI Products\AI Quant Operating System\aqos\experiments
2026-07-06 04:22:12 | INFO     | AQOS | Verified directory: D:\AI Products\AI Quant Operating System\aqos\models
2026-07-06 04:22:12 | INFO     | AQOS | Bootstrap completed successfully.
2026-07-06 04:22:12 | INFO     | AQOS | Shutting down AQOS...
2026-07-06 04:22:12 | INFO     | AQOS | Initializing AQOS...
2026-07-06 04:22:12 | INFO     | AQOS | Configuration loaded successfully.
2026-07-06 04:22:12 | INFO     | AQOS | Verified directory: D:\AI Products\AI Quant Operating System\aqos\logs
2026-07-06 04:22:12 | INFO     | AQOS | Verified directory: D:\AI Products\AI Quant Operating System\aqos\datasets
2026-07-06 04:22:12 | INFO     | AQOS | Verified directory: D:\AI Products\AI Quant Operating System\aqos\experiments
2026-07-06 04:22:12 | INFO     | AQOS | Verified directory: D:\AI Products\AI Quant Operating System\aqos\models
2026-07-06 04:22:12 | INFO     | AQOS | Bootstrap completed successfully.
2026-07-06 04:22:12 | INFO     | AQOS | Shutting down AQOS...
2026-07-06 04:22:12 | INFO     | AQOS | Initializing AQOS...
2026-07-06 04:22:12 | INFO     | AQOS | Configuration loaded successfully.
2026-07-06 04:22:12 | INFO     | AQOS | Verified directory: D:\AI Products\AI Quant Operating System\aqos\logs
2026-07-06 04:22:12 | INFO     | AQOS | Verified directory: D:\AI Products\AI Quant Operating System\aqos\datasets
2026-07-06 04:22:12 | INFO     | AQOS | Verified directory: D:\AI Products\AI Quant Operating System\aqos\experiments
2026-07-06 04:22:12 | INFO     | AQOS | Verified directory: D:\AI Products\AI Quant Operating System\aqos\models
2026-07-06 04:22:12 | INFO     | AQOS | Bootstrap completed successfully.
2026-07-06 04:22:12 | INFO     | AQOS | Shutting down AQOS...
2026-07-06 04:22:12 | INFO     | AQOS | Initializing AQOS...
2026-07-06 04:22:12 | INFO     | AQOS | Configuration loaded successfully.
2026-07-06 04:22:12 | INFO     | AQOS | Verified directory: D:\AI Products\AI Quant Operating System\aqos\logs
2026-07-06 04:22:12 | INFO     | AQOS | Verified directory: D:\AI Products\AI Quant Operating System\aqos\datasets
2026-07-06 04:22:12 | INFO     | AQOS | Verified directory: D:\AI Products\AI Quant Operating System\aqos\experiments
2026-07-06 04:22:12 | INFO     | AQOS | Verified directory: D:\AI Products\AI Quant Operating System\aqos\models
2026-07-06 04:22:12 | INFO     | AQOS | Bootstrap completed successfully.
2026-07-06 04:22:12 | INFO     | AQOS | Shutting down AQOS...
2026-07-06 04:22:12 | INFO     | AQOS | Initializing AQOS...
2026-07-06 04:22:12 | INFO     | AQOS | Configuration loaded successfully.
2026-07-06 04:22:12 | INFO     | AQOS | Verified directory: D:\AI Products\AI Quant Operating System\aqos\logs
2026-07-06 04:22:12 | INFO     | AQOS | Verified directory: D:\AI Products\AI Quant Operating System\aqos\datasets
2026-07-06 04:22:12 | INFO     | AQOS | Verified directory: D:\AI Products\AI Quant Operating System\aqos\experiments
2026-07-06 04:22:12 | INFO     | AQOS | Verified directory: D:\AI Products\AI Quant Operating System\aqos\models
2026-07-06 04:22:12 | INFO     | AQOS | Bootstrap completed successfully.
2026-07-06 04:22:12 | INFO     | AQOS | Shutting down AQOS...
2026-07-06 04:22:12 | INFO     | AQOS | Initializing AQOS...
2026-07-06 04:22:12 | INFO     | AQOS | Configuration loaded successfully.
2026-07-06 04:22:12 | INFO     | AQOS | Verified directory: D:\AI Products\AI Quant Operating System\aqos\logs
2026-07-06 04:22:12 | INFO     | AQOS | Verified directory: D:\AI Products\AI Quant Operating System\aqos\datasets
2026-07-06 04:22:12 | INFO     | AQOS | Verified directory: D:\AI Products\AI Quant Operating System\aqos\experiments
2026-07-06 04:22:12 | INFO     | AQOS | Verified directory: D:\AI Products\AI Quant Operating System\aqos\models
2026-07-06 04:22:12 | INFO     | AQOS | Bootstrap completed successfully.
2026-07-06 04:22:12 | INFO     | AQOS | Shutting down AQOS...
2026-07-06 04:22:12 | INFO     | AQOS | Initializing AQOS...
2026-07-06 04:22:12 | INFO     | AQOS | Configuration loaded successfully.
2026-07-06 04:22:12 | INFO     | AQOS | Verified directory: D:\AI Products\AI Quant Operating System\aqos\logs
2026-07-06 04:22:12 | INFO     | AQOS | Verified directory: D:\AI Products\AI Quant Operating System\aqos\datasets
2026-07-06 04:22:12 | INFO     | AQOS | Verified directory: D:\AI Products\AI Quant Operating System\aqos\experiments
2026-07-06 04:22:12 | INFO     | AQOS | Verified directory: D:\AI Products\AI Quant Operating System\aqos\models
2026-07-06 04:22:12 | INFO     | AQOS | Bootstrap completed successfully.
2026-07-06 04:22:12 | INFO     | AQOS | Shutting down AQOS...
2026-07-06 04:25:44 | INFO     | AQOS | Initializing AQOS...
2026-07-06 04:25:44 | INFO     | AQOS | Configuration loaded successfully.
2026-07-06 04:25:44 | INFO     | AQOS | Verified directory: D:\AI Products\AI Quant Operating System\aqos\logs
2026-07-06 04:25:44 | INFO     | AQOS | Verified directory: D:\AI Products\AI Quant Operating System\aqos\datasets
2026-07-06 04:25:44 | INFO     | AQOS | Verified directory: D:\AI Products\AI Quant Operating System\aqos\experiments
2026-07-06 04:25:44 | INFO     | AQOS | Verified directory: D:\AI Products\AI Quant Operating System\aqos\models
2026-07-06 04:25:44 | INFO     | AQOS | Bootstrap completed successfully.
2026-07-06 04:25:44 | INFO     | AQOS | Shutting down AQOS...
2026-07-06 04:25:44 | INFO     | AQOS | Initializing AQOS...
2026-07-06 04:25:44 | INFO     | AQOS | Configuration loaded successfully.
2026-07-06 04:25:44 | INFO     | AQOS | Verified directory: D:\AI Products\AI Quant Operating System\aqos\logs
2026-07-06 04:25:44 | INFO     | AQOS | Verified directory: D:\AI Products\AI Quant Operating System\aqos\datasets
2026-07-06 04:25:44 | INFO     | AQOS | Verified directory: D:\AI Products\AI Quant Operating System\aqos\experiments
2026-07-06 04:25:44 | INFO     | AQOS | Verified directory: D:\AI Products\AI Quant Operating System\aqos\models
2026-07-06 04:25:44 | INFO     | AQOS | Bootstrap completed successfully.
2026-07-06 04:25:44 | INFO     | AQOS | Shutting down AQOS...
2026-07-06 04:25:44 | INFO     | AQOS | Initializing AQOS...
2026-07-06 04:25:44 | INFO     | AQOS | Configuration loaded successfully.
2026-07-06 04:25:44 | INFO     | AQOS | Verified directory: D:\AI Products\AI Quant Operating System\aqos\logs
2026-07-06 04:25:44 | INFO     | AQOS | Verified directory: D:\AI Products\AI Quant Operating System\aqos\datasets
2026-07-06 04:25:44 | INFO     | AQOS | Verified directory: D:\AI Products\AI Quant Operating System\aqos\experiments
2026-07-06 04:25:44 | INFO     | AQOS | Verified directory: D:\AI Products\AI Quant Operating System\aqos\models
2026-07-06 04:25:44 | INFO     | AQOS | Bootstrap completed successfully.
2026-07-06 04:25:44 | INFO     | AQOS | Shutting down AQOS...
2026-07-06 04:25:44 | INFO     | AQOS | Initializing AQOS...
2026-07-06 04:25:44 | INFO     | AQOS | Configuration loaded successfully.
2026-07-06 04:25:44 | INFO     | AQOS | Verified directory: D:\AI Products\AI Quant Operating System\aqos\logs
2026-07-06 04:25:44 | INFO     | AQOS | Verified directory: D:\AI Products\AI Quant Operating System\aqos\datasets
2026-07-06 04:25:44 | INFO     | AQOS | Verified directory: D:\AI Products\AI Quant Operating System\aqos\experiments
2026-07-06 04:25:44 | INFO     | AQOS | Verified directory: D:\AI Products\AI Quant Operating System\aqos\models
2026-07-06 04:25:44 | INFO     | AQOS | Bootstrap completed successfully.
2026-07-06 04:25:44 | INFO     | AQOS | Shutting down AQOS...
2026-07-06 04:25:44 | INFO     | AQOS | Initializing AQOS...
2026-07-06 04:25:44 | INFO     | AQOS | Configuration loaded successfully.
2026-07-06 04:25:44 | INFO     | AQOS | Verified directory: D:\AI Products\AI Quant Operating System\aqos\logs
2026-07-06 04:25:44 | INFO     | AQOS | Verified directory: D:\AI Products\AI Quant Operating System\aqos\datasets
2026-07-06 04:25:44 | INFO     | AQOS | Verified directory: D:\AI Products\AI Quant Operating System\aqos\experiments
2026-07-06 04:25:44 | INFO     | AQOS | Verified directory: D:\AI Products\AI Quant Operating System\aqos\models
2026-07-06 04:25:44 | INFO     | AQOS | Bootstrap completed successfully.
2026-07-06 04:25:44 | INFO     | AQOS | Shutting down AQOS...
2026-07-06 04:25:44 | INFO     | AQOS | Initializing AQOS...
2026-07-06 04:25:44 | INFO     | AQOS | Configuration loaded successfully.
2026-07-06 04:25:44 | INFO     | AQOS | Verified directory: D:\AI Products\AI Quant Operating System\aqos\logs
2026-07-06 04:25:44 | INFO     | AQOS | Verified directory: D:\AI Products\AI Quant Operating System\aqos\datasets
2026-07-06 04:25:44 | INFO     | AQOS | Verified directory: D:\AI Products\AI Quant Operating System\aqos\experiments
2026-07-06 04:25:44 | INFO     | AQOS | Verified directory: D:\AI Products\AI Quant Operating System\aqos\models
2026-07-06 04:25:44 | INFO     | AQOS | Bootstrap completed successfully.
2026-07-06 04:25:44 | INFO     | AQOS | Shutting down AQOS...
2026-07-06 04:25:44 | INFO     | AQOS | Initializing AQOS...
2026-07-06 04:25:44 | INFO     | AQOS | Configuration loaded successfully.
2026-07-06 04:25:44 | INFO     | AQOS | Verified directory: D:\AI Products\AI Quant Operating System\aqos\logs
2026-07-06 04:25:44 | INFO     | AQOS | Verified directory: D:\AI Products\AI Quant Operating System\aqos\datasets
2026-07-06 04:25:44 | INFO     | AQOS | Verified directory: D:\AI Products\AI Quant Operating System\aqos\experiments
2026-07-06 04:25:44 | INFO     | AQOS | Verified directory: D:\AI Products\AI Quant Operating System\aqos\models
2026-07-06 04:25:44 | INFO     | AQOS | Bootstrap completed successfully.
2026-07-06 04:25:44 | INFO     | AQOS | Shutting down AQOS...
2026-07-06 04:25:44 | INFO     | AQOS | Initializing AQOS...
2026-07-06 04:25:44 | INFO     | AQOS | Configuration loaded successfully.
2026-07-06 04:25:44 | INFO     | AQOS | Verified directory: D:\AI Products\AI Quant Operating System\aqos\logs
2026-07-06 04:25:44 | INFO     | AQOS | Verified directory: D:\AI Products\AI Quant Operating System\aqos\datasets
2026-07-06 04:25:44 | INFO     | AQOS | Verified directory: D:\AI Products\AI Quant Operating System\aqos\experiments
2026-07-06 04:25:44 | INFO     | AQOS | Verified directory: D:\AI Products\AI Quant Operating System\aqos\models
2026-07-06 04:25:44 | INFO     | AQOS | Bootstrap completed successfully.
2026-07-06 04:25:44 | INFO     | AQOS | Shutting down AQOS...
2026-07-06 04:25:44 | INFO     | AQOS | Initializing AQOS...
2026-07-06 04:25:44 | INFO     | AQOS | Configuration loaded successfully.
2026-07-06 04:25:44 | INFO     | AQOS | Verified directory: D:\AI Products\AI Quant Operating System\aqos\logs
2026-07-06 04:25:44 | INFO     | AQOS | Verified directory: D:\AI Products\AI Quant Operating System\aqos\datasets
2026-07-06 04:25:44 | INFO     | AQOS | Verified directory: D:\AI Products\AI Quant Operating System\aqos\experiments
2026-07-06 04:25:44 | INFO     | AQOS | Verified directory: D:\AI Products\AI Quant Operating System\aqos\models
2026-07-06 04:25:44 | INFO     | AQOS | Bootstrap completed successfully.
2026-07-06 04:25:44 | INFO     | AQOS | Shutting down AQOS...
2026-07-06 04:25:44 | INFO     | AQOS | Initializing AQOS...
2026-07-06 04:25:44 | INFO     | AQOS | Configuration loaded successfully.
2026-07-06 04:25:44 | INFO     | AQOS | Verified directory: D:\AI Products\AI Quant Operating System\aqos\logs
2026-07-06 04:25:44 | INFO     | AQOS | Verified directory: D:\AI Products\AI Quant Operating System\aqos\datasets
2026-07-06 04:25:44 | INFO     | AQOS | Verified directory: D:\AI Products\AI Quant Operating System\aqos\experiments
2026-07-06 04:25:44 | INFO     | AQOS | Verified directory: D:\AI Products\AI Quant Operating System\aqos\models
2026-07-06 04:25:44 | INFO     | AQOS | Bootstrap completed successfully.
2026-07-06 04:25:44 | INFO     | AQOS | Shutting down AQOS...
2026-07-06 04:26:27 | INFO     | AQOS | Initializing AQOS...
2026-07-06 04:26:27 | INFO     | AQOS | Configuration loaded successfully.
2026-07-06 04:26:27 | INFO     | AQOS | Verified directory: D:\AI Products\AI Quant Operating System\aqos\logs
2026-07-06 04:26:27 | INFO     | AQOS | Verified directory: D:\AI Products\AI Quant Operating System\aqos\datasets
2026-07-06 04:26:27 | INFO     | AQOS | Verified directory: D:\AI Products\AI Quant Operating System\aqos\experiments
2026-07-06 04:26:27 | INFO     | AQOS | Verified directory: D:\AI Products\AI Quant Operating System\aqos\models
2026-07-06 04:26:27 | INFO     | AQOS | Bootstrap completed successfully.
2026-07-06 04:26:27 | INFO     | AQOS | Shutting down AQOS...
2026-07-06 04:26:27 | INFO     | AQOS | Initializing AQOS...
2026-07-06 04:26:27 | INFO     | AQOS | Configuration loaded successfully.
2026-07-06 04:26:27 | INFO     | AQOS | Verified directory: D:\AI Products\AI Quant Operating System\aqos\logs
2026-07-06 04:26:27 | INFO     | AQOS | Verified directory: D:\AI Products\AI Quant Operating System\aqos\datasets
2026-07-06 04:26:27 | INFO     | AQOS | Verified directory: D:\AI Products\AI Quant Operating System\aqos\experiments
2026-07-06 04:26:27 | INFO     | AQOS | Verified directory: D:\AI Products\AI Quant Operating System\aqos\models
2026-07-06 04:26:27 | INFO     | AQOS | Bootstrap completed successfully.
2026-07-06 04:26:27 | INFO     | AQOS | Shutting down AQOS...
2026-07-06 04:26:27 | INFO     | AQOS | Initializing AQOS...
2026-07-06 04:26:27 | INFO     | AQOS | Configuration loaded successfully.
2026-07-06 04:26:27 | INFO     | AQOS | Verified directory: D:\AI Products\AI Quant Operating System\aqos\logs
2026-07-06 04:26:27 | INFO     | AQOS | Verified directory: D:\AI Products\AI Quant Operating System\aqos\datasets
2026-07-06 04:26:27 | INFO     | AQOS | Verified directory: D:\AI Products\AI Quant Operating System\aqos\experiments
2026-07-06 04:26:27 | INFO     | AQOS | Verified directory: D:\AI Products\AI Quant Operating System\aqos\models
2026-07-06 04:26:27 | INFO     | AQOS | Bootstrap completed successfully.
2026-07-06 04:26:27 | INFO     | AQOS | Shutting down AQOS...
2026-07-06 04:26:27 | INFO     | AQOS | Initializing AQOS...
2026-07-06 04:26:27 | INFO     | AQOS | Configuration loaded successfully.
2026-07-06 04:26:27 | INFO     | AQOS | Verified directory: D:\AI Products\AI Quant Operating System\aqos\logs
2026-07-06 04:26:27 | INFO     | AQOS | Verified directory: D:\AI Products\AI Quant Operating System\aqos\datasets
2026-07-06 04:26:27 | INFO     | AQOS | Verified directory: D:\AI Products\AI Quant Operating System\aqos\experiments
2026-07-06 04:26:27 | INFO     | AQOS | Verified directory: D:\AI Products\AI Quant Operating System\aqos\models
2026-07-06 04:26:27 | INFO     | AQOS | Bootstrap completed successfully.
2026-07-06 04:26:27 | INFO     | AQOS | Shutting down AQOS...
2026-07-06 04:26:27 | INFO     | AQOS | Initializing AQOS...
2026-07-06 04:26:27 | INFO     | AQOS | Configuration loaded successfully.
2026-07-06 04:26:27 | INFO     | AQOS | Verified directory: D:\AI Products\AI Quant Operating System\aqos\logs
2026-07-06 04:26:27 | INFO     | AQOS | Verified directory: D:\AI Products\AI Quant Operating System\aqos\datasets
2026-07-06 04:26:27 | INFO     | AQOS | Verified directory: D:\AI Products\AI Quant Operating System\aqos\experiments
2026-07-06 04:26:27 | INFO     | AQOS | Verified directory: D:\AI Products\AI Quant Operating System\aqos\models
2026-07-06 04:26:27 | INFO     | AQOS | Bootstrap completed successfully.
2026-07-06 04:26:27 | INFO     | AQOS | Shutting down AQOS...
2026-07-06 04:26:27 | INFO     | AQOS | Initializing AQOS...
2026-07-06 04:26:27 | INFO     | AQOS | Configuration loaded successfully.
2026-07-06 04:26:27 | INFO     | AQOS | Verified directory: D:\AI Products\AI Quant Operating System\aqos\logs
2026-07-06 04:26:27 | INFO     | AQOS | Verified directory: D:\AI Products\AI Quant Operating System\aqos\datasets
2026-07-06 04:26:27 | INFO     | AQOS | Verified directory: D:\AI Products\AI Quant Operating System\aqos\experiments
2026-07-06 04:26:27 | INFO     | AQOS | Verified directory: D:\AI Products\AI Quant Operating System\aqos\models
2026-07-06 04:26:27 | INFO     | AQOS | Bootstrap completed successfully.
2026-07-06 04:26:27 | INFO     | AQOS | Shutting down AQOS...
2026-07-06 04:26:27 | INFO     | AQOS | Initializing AQOS...
2026-07-06 04:26:27 | INFO     | AQOS | Configuration loaded successfully.
2026-07-06 04:26:27 | INFO     | AQOS | Verified directory: D:\AI Products\AI Quant Operating System\aqos\logs
2026-07-06 04:26:27 | INFO     | AQOS | Verified directory: D:\AI Products\AI Quant Operating System\aqos\datasets
2026-07-06 04:26:27 | INFO     | AQOS | Verified directory: D:\AI Products\AI Quant Operating System\aqos\experiments
2026-07-06 04:26:27 | INFO     | AQOS | Verified directory: D:\AI Products\AI Quant Operating System\aqos\models
2026-07-06 04:26:27 | INFO     | AQOS | Bootstrap completed successfully.
2026-07-06 04:26:27 | INFO     | AQOS | Shutting down AQOS...
2026-07-06 04:26:27 | INFO     | AQOS | Initializing AQOS...
2026-07-06 04:26:27 | INFO     | AQOS | Configuration loaded successfully.
2026-07-06 04:26:27 | INFO     | AQOS | Verified directory: D:\AI Products\AI Quant Operating System\aqos\logs
2026-07-06 04:26:27 | INFO     | AQOS | Verified directory: D:\AI Products\AI Quant Operating System\aqos\datasets
2026-07-06 04:26:27 | INFO     | AQOS | Verified directory: D:\AI Products\AI Quant Operating System\aqos\experiments
2026-07-06 04:26:27 | INFO     | AQOS | Verified directory: D:\AI Products\AI Quant Operating System\aqos\models
2026-07-06 04:26:27 | INFO     | AQOS | Bootstrap completed successfully.
2026-07-06 04:26:27 | INFO     | AQOS | Shutting down AQOS...
2026-07-06 04:26:27 | INFO     | AQOS | Initializing AQOS...
2026-07-06 04:26:27 | INFO     | AQOS | Configuration loaded successfully.
2026-07-06 04:26:27 | INFO     | AQOS | Verified directory: D:\AI Products\AI Quant Operating System\aqos\logs
2026-07-06 04:26:27 | INFO     | AQOS | Verified directory: D:\AI Products\AI Quant Operating System\aqos\datasets
2026-07-06 04:26:27 | INFO     | AQOS | Verified directory: D:\AI Products\AI Quant Operating System\aqos\experiments
2026-07-06 04:26:27 | INFO     | AQOS | Verified directory: D:\AI Products\AI Quant Operating System\aqos\models
2026-07-06 04:26:27 | INFO     | AQOS | Bootstrap completed successfully.
2026-07-06 04:26:27 | INFO     | AQOS | Shutting down AQOS...
2026-07-06 04:26:27 | INFO     | AQOS | Initializing AQOS...
2026-07-06 04:26:27 | INFO     | AQOS | Configuration loaded successfully.
2026-07-06 04:26:27 | INFO     | AQOS | Verified directory: D:\AI Products\AI Quant Operating System\aqos\logs
2026-07-06 04:26:27 | INFO     | AQOS | Verified directory: D:\AI Products\AI Quant Operating System\aqos\datasets
2026-07-06 04:26:27 | INFO     | AQOS | Verified directory: D:\AI Products\AI Quant Operating System\aqos\experiments
2026-07-06 04:26:27 | INFO     | AQOS | Verified directory: D:\AI Products\AI Quant Operating System\aqos\models
2026-07-06 04:26:27 | INFO     | AQOS | Bootstrap completed successfully.
2026-07-06 04:26:27 | INFO     | AQOS | Shutting down AQOS...
2026-07-06 04:26:27 | INFO     | AQOS | Initializing AQOS...
2026-07-06 04:26:27 | INFO     | AQOS | Configuration loaded successfully.
2026-07-06 04:26:27 | INFO     | AQOS | Verified directory: D:\AI Products\AI Quant Operating System\aqos\logs
2026-07-06 04:26:27 | INFO     | AQOS | Verified directory: D:\AI Products\AI Quant Operating System\aqos\datasets
2026-07-06 04:26:27 | INFO     | AQOS | Verified directory: D:\AI Products\AI Quant Operating System\aqos\experiments
2026-07-06 04:26:27 | INFO     | AQOS | Verified directory: D:\AI Products\AI Quant Operating System\aqos\models
2026-07-06 04:26:27 | INFO     | AQOS | Bootstrap completed successfully.
2026-07-06 04:26:27 | INFO     | AQOS | Shutting down AQOS...
2026-07-06 12:07:53 | INFO     | AQOS | Initializing AQOS...
2026-07-06 12:07:53 | INFO     | AQOS | Configuration loaded successfully.
2026-07-06 12:07:53 | INFO     | AQOS | Verified directory: D:\AI Products\AI Quant Operating System\aqos\logs
2026-07-06 12:07:53 | INFO     | AQOS | Verified directory: D:\AI Products\AI Quant Operating System\aqos\datasets
2026-07-06 12:07:53 | INFO     | AQOS | Verified directory: D:\AI Products\AI Quant Operating System\aqos\experiments
2026-07-06 12:07:53 | INFO     | AQOS | Verified directory: D:\AI Products\AI Quant Operating System\aqos\models
2026-07-06 12:07:53 | INFO     | AQOS | Bootstrap completed successfully.
2026-07-06 12:07:53 | INFO     | AQOS | Shutting down AQOS...
2026-07-06 12:07:53 | INFO     | AQOS | Initializing AQOS...
2026-07-06 12:07:53 | INFO     | AQOS | Configuration loaded successfully.
2026-07-06 12:07:53 | INFO     | AQOS | Verified directory: D:\AI Products\AI Quant Operating System\aqos\logs
2026-07-06 12:07:53 | INFO     | AQOS | Verified directory: D:\AI Products\AI Quant Operating System\aqos\datasets
2026-07-06 12:07:53 | INFO     | AQOS | Verified directory: D:\AI Products\AI Quant Operating System\aqos\experiments
2026-07-06 12:07:53 | INFO     | AQOS | Verified directory: D:\AI Products\AI Quant Operating System\aqos\models
2026-07-06 12:07:53 | INFO     | AQOS | Bootstrap completed successfully.
2026-07-06 12:07:53 | INFO     | AQOS | Shutting down AQOS...
2026-07-06 12:07:53 | INFO     | AQOS | Initializing AQOS...
2026-07-06 12:07:53 | INFO     | AQOS | Configuration loaded successfully.
2026-07-06 12:07:53 | INFO     | AQOS | Verified directory: D:\AI Products\AI Quant Operating System\aqos\logs
2026-07-06 12:07:53 | INFO     | AQOS | Verified directory: D:\AI Products\AI Quant Operating System\aqos\datasets
2026-07-06 12:07:53 | INFO     | AQOS | Verified directory: D:\AI Products\AI Quant Operating System\aqos\experiments
2026-07-06 12:07:53 | INFO     | AQOS | Verified directory: D:\AI Products\AI Quant Operating System\aqos\models
2026-07-06 12:07:53 | INFO     | AQOS | Bootstrap completed successfully.
2026-07-06 12:07:53 | INFO     | AQOS | Shutting down AQOS...
2026-07-06 12:07:53 | INFO     | AQOS | Initializing AQOS...
2026-07-06 12:07:53 | INFO     | AQOS | Configuration loaded successfully.
2026-07-06 12:07:53 | INFO     | AQOS | Verified directory: D:\AI Products\AI Quant Operating System\aqos\logs
2026-07-06 12:07:53 | INFO     | AQOS | Verified directory: D:\AI Products\AI Quant Operating System\aqos\datasets
2026-07-06 12:07:53 | INFO     | AQOS | Verified directory: D:\AI Products\AI Quant Operating System\aqos\experiments
2026-07-06 12:07:53 | INFO     | AQOS | Verified directory: D:\AI Products\AI Quant Operating System\aqos\models
2026-07-06 12:07:53 | INFO     | AQOS | Bootstrap completed successfully.
2026-07-06 12:07:53 | INFO     | AQOS | Shutting down AQOS...
2026-07-06 12:07:53 | INFO     | AQOS | Initializing AQOS...
2026-07-06 12:07:53 | INFO     | AQOS | Configuration loaded successfully.
2026-07-06 12:07:53 | INFO     | AQOS | Verified directory: D:\AI Products\AI Quant Operating System\aqos\logs
2026-07-06 12:07:53 | INFO     | AQOS | Verified directory: D:\AI Products\AI Quant Operating System\aqos\datasets
2026-07-06 12:07:53 | INFO     | AQOS | Verified directory: D:\AI Products\AI Quant Operating System\aqos\experiments
2026-07-06 12:07:53 | INFO     | AQOS | Verified directory: D:\AI Products\AI Quant Operating System\aqos\models
2026-07-06 12:07:53 | INFO     | AQOS | Bootstrap completed successfully.
2026-07-06 12:07:53 | INFO     | AQOS | Shutting down AQOS...
2026-07-06 12:07:54 | INFO     | AQOS | Initializing AQOS...
2026-07-06 12:07:54 | INFO     | AQOS | Configuration loaded successfully.
2026-07-06 12:07:54 | INFO     | AQOS | Verified directory: D:\AI Products\AI Quant Operating System\aqos\logs
2026-07-06 12:07:54 | INFO     | AQOS | Verified directory: D:\AI Products\AI Quant Operating System\aqos\datasets
2026-07-06 12:07:54 | INFO     | AQOS | Verified directory: D:\AI Products\AI Quant Operating System\aqos\experiments
2026-07-06 12:07:54 | INFO     | AQOS | Verified directory: D:\AI Products\AI Quant Operating System\aqos\models
2026-07-06 12:07:54 | INFO     | AQOS | Bootstrap completed successfully.
2026-07-06 12:07:54 | INFO     | AQOS | Shutting down AQOS...
2026-07-06 12:07:54 | INFO     | AQOS | Initializing AQOS...
2026-07-06 12:07:54 | INFO     | AQOS | Configuration loaded successfully.
2026-07-06 12:07:54 | INFO     | AQOS | Verified directory: D:\AI Products\AI Quant Operating System\aqos\logs
2026-07-06 12:07:54 | INFO     | AQOS | Verified directory: D:\AI Products\AI Quant Operating System\aqos\datasets
2026-07-06 12:07:54 | INFO     | AQOS | Verified directory: D:\AI Products\AI Quant Operating System\aqos\experiments
2026-07-06 12:07:54 | INFO     | AQOS | Verified directory: D:\AI Products\AI Quant Operating System\aqos\models
2026-07-06 12:07:54 | INFO     | AQOS | Bootstrap completed successfully.
2026-07-06 12:07:54 | INFO     | AQOS | Shutting down AQOS...
2026-07-06 12:07:54 | INFO     | AQOS | Initializing AQOS...
2026-07-06 12:07:54 | INFO     | AQOS | Configuration loaded successfully.
2026-07-06 12:07:54 | INFO     | AQOS | Verified directory: D:\AI Products\AI Quant Operating System\aqos\logs
2026-07-06 12:07:54 | INFO     | AQOS | Verified directory: D:\AI Products\AI Quant Operating System\aqos\datasets
2026-07-06 12:07:54 | INFO     | AQOS | Verified directory: D:\AI Products\AI Quant Operating System\aqos\experiments
2026-07-06 12:07:54 | INFO     | AQOS | Verified directory: D:\AI Products\AI Quant Operating System\aqos\models
2026-07-06 12:07:54 | INFO     | AQOS | Bootstrap completed successfully.
2026-07-06 12:07:54 | INFO     | AQOS | Shutting down AQOS...
2026-07-06 12:07:54 | INFO     | AQOS | Initializing AQOS...
2026-07-06 12:07:54 | INFO     | AQOS | Configuration loaded successfully.
2026-07-06 12:07:54 | INFO     | AQOS | Verified directory: D:\AI Products\AI Quant Operating System\aqos\logs
2026-07-06 12:07:54 | INFO     | AQOS | Verified directory: D:\AI Products\AI Quant Operating System\aqos\datasets
2026-07-06 12:07:54 | INFO     | AQOS | Verified directory: D:\AI Products\AI Quant Operating System\aqos\experiments
2026-07-06 12:07:54 | INFO     | AQOS | Verified directory: D:\AI Products\AI Quant Operating System\aqos\models
2026-07-06 12:07:54 | INFO     | AQOS | Bootstrap completed successfully.
2026-07-06 12:07:54 | INFO     | AQOS | Shutting down AQOS...
2026-07-06 12:07:54 | INFO     | AQOS | Initializing AQOS...
2026-07-06 12:07:54 | INFO     | AQOS | Configuration loaded successfully.
2026-07-06 12:07:54 | INFO     | AQOS | Verified directory: D:\AI Products\AI Quant Operating System\aqos\logs
2026-07-06 12:07:54 | INFO     | AQOS | Verified directory: D:\AI Products\AI Quant Operating System\aqos\datasets
2026-07-06 12:07:54 | INFO     | AQOS | Verified directory: D:\AI Products\AI Quant Operating System\aqos\experiments
2026-07-06 12:07:54 | INFO     | AQOS | Verified directory: D:\AI Products\AI Quant Operating System\aqos\models
2026-07-06 12:07:54 | INFO     | AQOS | Bootstrap completed successfully.
2026-07-06 12:07:54 | INFO     | AQOS | Shutting down AQOS...
2026-07-06 12:07:54 | INFO     | AQOS | Initializing AQOS...
2026-07-06 12:07:54 | INFO     | AQOS | Configuration loaded successfully.
2026-07-06 12:07:54 | INFO     | AQOS | Verified directory: D:\AI Products\AI Quant Operating System\aqos\logs
2026-07-06 12:07:54 | INFO     | AQOS | Verified directory: D:\AI Products\AI Quant Operating System\aqos\datasets
2026-07-06 12:07:54 | INFO     | AQOS | Verified directory: D:\AI Products\AI Quant Operating System\aqos\experiments
2026-07-06 12:07:54 | INFO     | AQOS | Verified directory: D:\AI Products\AI Quant Operating System\aqos\models
2026-07-06 12:07:54 | INFO     | AQOS | Bootstrap completed successfully.
2026-07-06 12:07:54 | INFO     | AQOS | Shutting down AQOS...
2026-07-06 12:11:24 | INFO     | AQOS | Initializing AQOS...
2026-07-06 12:11:24 | INFO     | AQOS | Configuration loaded successfully.
2026-07-06 12:11:24 | INFO     | AQOS | Verified directory: D:\AI Products\AI Quant Operating System\aqos\logs
2026-07-06 12:11:24 | INFO     | AQOS | Verified directory: D:\AI Products\AI Quant Operating System\aqos\datasets
2026-07-06 12:11:24 | INFO     | AQOS | Verified directory: D:\AI Products\AI Quant Operating System\aqos\experiments
2026-07-06 12:11:24 | INFO     | AQOS | Verified directory: D:\AI Products\AI Quant Operating System\aqos\models
2026-07-06 12:11:24 | INFO     | AQOS | Bootstrap completed successfully.
2026-07-06 12:11:24 | INFO     | AQOS | Shutting down AQOS...
2026-07-06 12:11:24 | INFO     | AQOS | Initializing AQOS...
2026-07-06 12:11:24 | INFO     | AQOS | Configuration loaded successfully.
2026-07-06 12:11:24 | INFO     | AQOS | Verified directory: D:\AI Products\AI Quant Operating System\aqos\logs
2026-07-06 12:11:24 | INFO     | AQOS | Verified directory: D:\AI Products\AI Quant Operating System\aqos\datasets
2026-07-06 12:11:24 | INFO     | AQOS | Verified directory: D:\AI Products\AI Quant Operating System\aqos\experiments
2026-07-06 12:11:24 | INFO     | AQOS | Verified directory: D:\AI Products\AI Quant Operating System\aqos\models
2026-07-06 12:11:24 | INFO     | AQOS | Bootstrap completed successfully.
2026-07-06 12:11:24 | INFO     | AQOS | Shutting down AQOS...
2026-07-06 12:11:24 | INFO     | AQOS | Initializing AQOS...
2026-07-06 12:11:24 | INFO     | AQOS | Configuration loaded successfully.
2026-07-06 12:11:24 | INFO     | AQOS | Verified directory: D:\AI Products\AI Quant Operating System\aqos\logs
2026-07-06 12:11:24 | INFO     | AQOS | Verified directory: D:\AI Products\AI Quant Operating System\aqos\datasets
2026-07-06 12:11:24 | INFO     | AQOS | Verified directory: D:\AI Products\AI Quant Operating System\aqos\experiments
2026-07-06 12:11:24 | INFO     | AQOS | Verified directory: D:\AI Products\AI Quant Operating System\aqos\models
2026-07-06 12:11:24 | INFO     | AQOS | Bootstrap completed successfully.
2026-07-06 12:11:24 | INFO     | AQOS | Shutting down AQOS...
2026-07-06 12:11:24 | INFO     | AQOS | Initializing AQOS...
2026-07-06 12:11:24 | INFO     | AQOS | Configuration loaded successfully.
2026-07-06 12:11:24 | INFO     | AQOS | Verified directory: D:\AI Products\AI Quant Operating System\aqos\logs
2026-07-06 12:11:24 | INFO     | AQOS | Verified directory: D:\AI Products\AI Quant Operating System\aqos\datasets
2026-07-06 12:11:24 | INFO     | AQOS | Verified directory: D:\AI Products\AI Quant Operating System\aqos\experiments
2026-07-06 12:11:24 | INFO     | AQOS | Verified directory: D:\AI Products\AI Quant Operating System\aqos\models
2026-07-06 12:11:24 | INFO     | AQOS | Bootstrap completed successfully.
2026-07-06 12:11:24 | INFO     | AQOS | Shutting down AQOS...
2026-07-06 12:11:24 | INFO     | AQOS | Initializing AQOS...
2026-07-06 12:11:24 | INFO     | AQOS | Configuration loaded successfully.
2026-07-06 12:11:24 | INFO     | AQOS | Verified directory: D:\AI Products\AI Quant Operating System\aqos\logs
2026-07-06 12:11:24 | INFO     | AQOS | Verified directory: D:\AI Products\AI Quant Operating System\aqos\datasets
2026-07-06 12:11:24 | INFO     | AQOS | Verified directory: D:\AI Products\AI Quant Operating System\aqos\experiments
2026-07-06 12:11:24 | INFO     | AQOS | Verified directory: D:\AI Products\AI Quant Operating System\aqos\models
2026-07-06 12:11:24 | INFO     | AQOS | Bootstrap completed successfully.
2026-07-06 12:11:24 | INFO     | AQOS | Shutting down AQOS...
2026-07-06 12:11:24 | INFO     | AQOS | Initializing AQOS...
2026-07-06 12:11:24 | INFO     | AQOS | Configuration loaded successfully.
2026-07-06 12:11:24 | INFO     | AQOS | Verified directory: D:\AI Products\AI Quant Operating System\aqos\logs
2026-07-06 12:11:24 | INFO     | AQOS | Verified directory: D:\AI Products\AI Quant Operating System\aqos\datasets
2026-07-06 12:11:24 | INFO     | AQOS | Verified directory: D:\AI Products\AI Quant Operating System\aqos\experiments
2026-07-06 12:11:24 | INFO     | AQOS | Verified directory: D:\AI Products\AI Quant Operating System\aqos\models
2026-07-06 12:11:24 | INFO     | AQOS | Bootstrap completed successfully.
2026-07-06 12:11:24 | INFO     | AQOS | Shutting down AQOS...
2026-07-06 12:11:25 | INFO     | AQOS | Initializing AQOS...
2026-07-06 12:11:25 | INFO     | AQOS | Configuration loaded successfully.
2026-07-06 12:11:25 | INFO     | AQOS | Verified directory: D:\AI Products\AI Quant Operating System\aqos\logs
2026-07-06 12:11:25 | INFO     | AQOS | Verified directory: D:\AI Products\AI Quant Operating System\aqos\datasets
2026-07-06 12:11:25 | INFO     | AQOS | Verified directory: D:\AI Products\AI Quant Operating System\aqos\experiments
2026-07-06 12:11:25 | INFO     | AQOS | Verified directory: D:\AI Products\AI Quant Operating System\aqos\models
2026-07-06 12:11:25 | INFO     | AQOS | Bootstrap completed successfully.
2026-07-06 12:11:25 | INFO     | AQOS | Shutting down AQOS...
2026-07-06 12:11:25 | INFO     | AQOS | Initializing AQOS...
2026-07-06 12:11:25 | INFO     | AQOS | Configuration loaded successfully.
2026-07-06 12:11:25 | INFO     | AQOS | Verified directory: D:\AI Products\AI Quant Operating System\aqos\logs
2026-07-06 12:11:25 | INFO     | AQOS | Verified directory: D:\AI Products\AI Quant Operating System\aqos\datasets
2026-07-06 12:11:25 | INFO     | AQOS | Verified directory: D:\AI Products\AI Quant Operating System\aqos\experiments
2026-07-06 12:11:25 | INFO     | AQOS | Verified directory: D:\AI Products\AI Quant Operating System\aqos\models
2026-07-06 12:11:25 | INFO     | AQOS | Bootstrap completed successfully.
2026-07-06 12:11:25 | INFO     | AQOS | Shutting down AQOS...
2026-07-06 12:11:25 | INFO     | AQOS | Initializing AQOS...
2026-07-06 12:11:25 | INFO     | AQOS | Configuration loaded successfully.
2026-07-06 12:11:25 | INFO     | AQOS | Verified directory: D:\AI Products\AI Quant Operating System\aqos\logs
2026-07-06 12:11:25 | INFO     | AQOS | Verified directory: D:\AI Products\AI Quant Operating System\aqos\datasets
2026-07-06 12:11:25 | INFO     | AQOS | Verified directory: D:\AI Products\AI Quant Operating System\aqos\experiments
2026-07-06 12:11:25 | INFO     | AQOS | Verified directory: D:\AI Products\AI Quant Operating System\aqos\models
2026-07-06 12:11:25 | INFO     | AQOS | Bootstrap completed successfully.
2026-07-06 12:11:25 | INFO     | AQOS | Shutting down AQOS...
2026-07-06 12:11:25 | INFO     | AQOS | Initializing AQOS...
2026-07-06 12:11:25 | INFO     | AQOS | Configuration loaded successfully.
2026-07-06 12:11:25 | INFO     | AQOS | Verified directory: D:\AI Products\AI Quant Operating System\aqos\logs
2026-07-06 12:11:25 | INFO     | AQOS | Verified directory: D:\AI Products\AI Quant Operating System\aqos\datasets
2026-07-06 12:11:25 | INFO     | AQOS | Verified directory: D:\AI Products\AI Quant Operating System\aqos\experiments
2026-07-06 12:11:25 | INFO     | AQOS | Verified directory: D:\AI Products\AI Quant Operating System\aqos\models
2026-07-06 12:11:25 | INFO     | AQOS | Bootstrap completed successfully.
2026-07-06 12:11:25 | INFO     | AQOS | Shutting down AQOS...
2026-07-06 12:11:25 | INFO     | AQOS | Initializing AQOS...
2026-07-06 12:11:25 | INFO     | AQOS | Configuration loaded successfully.
2026-07-06 12:11:25 | INFO     | AQOS | Verified directory: D:\AI Products\AI Quant Operating System\aqos\logs
2026-07-06 12:11:25 | INFO     | AQOS | Verified directory: D:\AI Products\AI Quant Operating System\aqos\datasets
2026-07-06 12:11:25 | INFO     | AQOS | Verified directory: D:\AI Products\AI Quant Operating System\aqos\experiments
2026-07-06 12:11:25 | INFO     | AQOS | Verified directory: D:\AI Products\AI Quant Operating System\aqos\models
2026-07-06 12:11:25 | INFO     | AQOS | Bootstrap completed successfully.
2026-07-06 12:11:25 | INFO     | AQOS | Shutting down AQOS...
2026-07-06 12:13:07 | INFO     | AQOS | Initializing AQOS...
2026-07-06 12:13:07 | INFO     | AQOS | Configuration loaded successfully.
2026-07-06 12:13:07 | INFO     | AQOS | Verified directory: D:\AI Products\AI Quant Operating System\aqos\logs
2026-07-06 12:13:07 | INFO     | AQOS | Verified directory: D:\AI Products\AI Quant Operating System\aqos\datasets
2026-07-06 12:13:07 | INFO     | AQOS | Verified directory: D:\AI Products\AI Quant Operating System\aqos\experiments
2026-07-06 12:13:07 | INFO     | AQOS | Verified directory: D:\AI Products\AI Quant Operating System\aqos\models
2026-07-06 12:13:07 | INFO     | AQOS | Bootstrap completed successfully.
2026-07-06 12:13:07 | INFO     | AQOS | Shutting down AQOS...
2026-07-06 12:13:07 | INFO     | AQOS | Initializing AQOS...
2026-07-06 12:13:07 | INFO     | AQOS | Configuration loaded successfully.
2026-07-06 12:13:07 | INFO     | AQOS | Verified directory: D:\AI Products\AI Quant Operating System\aqos\logs
2026-07-06 12:13:07 | INFO     | AQOS | Verified directory: D:\AI Products\AI Quant Operating System\aqos\datasets
2026-07-06 12:13:07 | INFO     | AQOS | Verified directory: D:\AI Products\AI Quant Operating System\aqos\experiments
2026-07-06 12:13:07 | INFO     | AQOS | Verified directory: D:\AI Products\AI Quant Operating System\aqos\models
2026-07-06 12:13:07 | INFO     | AQOS | Bootstrap completed successfully.
2026-07-06 12:13:07 | INFO     | AQOS | Shutting down AQOS...
2026-07-06 12:13:07 | INFO     | AQOS | Initializing AQOS...
2026-07-06 12:13:07 | INFO     | AQOS | Configuration loaded successfully.
2026-07-06 12:13:07 | INFO     | AQOS | Verified directory: D:\AI Products\AI Quant Operating System\aqos\logs
2026-07-06 12:13:07 | INFO     | AQOS | Verified directory: D:\AI Products\AI Quant Operating System\aqos\datasets
2026-07-06 12:13:07 | INFO     | AQOS | Verified directory: D:\AI Products\AI Quant Operating System\aqos\experiments
2026-07-06 12:13:07 | INFO     | AQOS | Verified directory: D:\AI Products\AI Quant Operating System\aqos\models
2026-07-06 12:13:07 | INFO     | AQOS | Bootstrap completed successfully.
2026-07-06 12:13:07 | INFO     | AQOS | Shutting down AQOS...
2026-07-06 12:13:07 | INFO     | AQOS | Initializing AQOS...
2026-07-06 12:13:07 | INFO     | AQOS | Configuration loaded successfully.
2026-07-06 12:13:07 | INFO     | AQOS | Verified directory: D:\AI Products\AI Quant Operating System\aqos\logs
2026-07-06 12:13:07 | INFO     | AQOS | Verified directory: D:\AI Products\AI Quant Operating System\aqos\datasets
2026-07-06 12:13:07 | INFO     | AQOS | Verified directory: D:\AI Products\AI Quant Operating System\aqos\experiments
2026-07-06 12:13:07 | INFO     | AQOS | Verified directory: D:\AI Products\AI Quant Operating System\aqos\models
2026-07-06 12:13:07 | INFO     | AQOS | Bootstrap completed successfully.
2026-07-06 12:13:07 | INFO     | AQOS | Shutting down AQOS...
2026-07-06 12:13:07 | INFO     | AQOS | Initializing AQOS...
2026-07-06 12:13:07 | INFO     | AQOS | Configuration loaded successfully.
2026-07-06 12:13:07 | INFO     | AQOS | Verified directory: D:\AI Products\AI Quant Operating System\aqos\logs
2026-07-06 12:13:07 | INFO     | AQOS | Verified directory: D:\AI Products\AI Quant Operating System\aqos\datasets
2026-07-06 12:13:07 | INFO     | AQOS | Verified directory: D:\AI Products\AI Quant Operating System\aqos\experiments
2026-07-06 12:13:07 | INFO     | AQOS | Verified directory: D:\AI Products\AI Quant Operating System\aqos\models
2026-07-06 12:13:07 | INFO     | AQOS | Bootstrap completed successfully.
2026-07-06 12:13:07 | INFO     | AQOS | Shutting down AQOS...
2026-07-06 12:13:07 | INFO     | AQOS | Initializing AQOS...
2026-07-06 12:13:07 | INFO     | AQOS | Configuration loaded successfully.
2026-07-06 12:13:07 | INFO     | AQOS | Verified directory: D:\AI Products\AI Quant Operating System\aqos\logs
2026-07-06 12:13:07 | INFO     | AQOS | Verified directory: D:\AI Products\AI Quant Operating System\aqos\datasets
2026-07-06 12:13:07 | INFO     | AQOS | Verified directory: D:\AI Products\AI Quant Operating System\aqos\experiments
2026-07-06 12:13:07 | INFO     | AQOS | Verified directory: D:\AI Products\AI Quant Operating System\aqos\models
2026-07-06 12:13:07 | INFO     | AQOS | Bootstrap completed successfully.
2026-07-06 12:13:07 | INFO     | AQOS | Shutting down AQOS...
2026-07-06 12:13:07 | INFO     | AQOS | Initializing AQOS...
2026-07-06 12:13:07 | INFO     | AQOS | Configuration loaded successfully.
2026-07-06 12:13:07 | INFO     | AQOS | Verified directory: D:\AI Products\AI Quant Operating System\aqos\logs
2026-07-06 12:13:07 | INFO     | AQOS | Verified directory: D:\AI Products\AI Quant Operating System\aqos\datasets
2026-07-06 12:13:07 | INFO     | AQOS | Verified directory: D:\AI Products\AI Quant Operating System\aqos\experiments
2026-07-06 12:13:07 | INFO     | AQOS | Verified directory: D:\AI Products\AI Quant Operating System\aqos\models
2026-07-06 12:13:07 | INFO     | AQOS | Bootstrap completed successfully.
2026-07-06 12:13:07 | INFO     | AQOS | Shutting down AQOS...
2026-07-06 12:13:07 | INFO     | AQOS | Initializing AQOS...
2026-07-06 12:13:07 | INFO     | AQOS | Configuration loaded successfully.
2026-07-06 12:13:07 | INFO     | AQOS | Verified directory: D:\AI Products\AI Quant Operating System\aqos\logs
2026-07-06 12:13:07 | INFO     | AQOS | Verified directory: D:\AI Products\AI Quant Operating System\aqos\datasets
2026-07-06 12:13:07 | INFO     | AQOS | Verified directory: D:\AI Products\AI Quant Operating System\aqos\experiments
2026-07-06 12:13:07 | INFO     | AQOS | Verified directory: D:\AI Products\AI Quant Operating System\aqos\models
2026-07-06 12:13:07 | INFO     | AQOS | Bootstrap completed successfully.
2026-07-06 12:13:07 | INFO     | AQOS | Shutting down AQOS...
2026-07-06 12:13:07 | INFO     | AQOS | Initializing AQOS...
2026-07-06 12:13:07 | INFO     | AQOS | Configuration loaded successfully.
2026-07-06 12:13:07 | INFO     | AQOS | Verified directory: D:\AI Products\AI Quant Operating System\aqos\logs
2026-07-06 12:13:07 | INFO     | AQOS | Verified directory: D:\AI Products\AI Quant Operating System\aqos\datasets
2026-07-06 12:13:07 | INFO     | AQOS | Verified directory: D:\AI Products\AI Quant Operating System\aqos\experiments
2026-07-06 12:13:07 | INFO     | AQOS | Verified directory: D:\AI Products\AI Quant Operating System\aqos\models
2026-07-06 12:13:07 | INFO     | AQOS | Bootstrap completed successfully.
2026-07-06 12:13:07 | INFO     | AQOS | Shutting down AQOS...
2026-07-06 12:13:07 | INFO     | AQOS | Initializing AQOS...
2026-07-06 12:13:07 | INFO     | AQOS | Configuration loaded successfully.
2026-07-06 12:13:07 | INFO     | AQOS | Verified directory: D:\AI Products\AI Quant Operating System\aqos\logs
2026-07-06 12:13:07 | INFO     | AQOS | Verified directory: D:\AI Products\AI Quant Operating System\aqos\datasets
2026-07-06 12:13:07 | INFO     | AQOS | Verified directory: D:\AI Products\AI Quant Operating System\aqos\experiments
2026-07-06 12:13:07 | INFO     | AQOS | Verified directory: D:\AI Products\AI Quant Operating System\aqos\models
2026-07-06 12:13:07 | INFO     | AQOS | Bootstrap completed successfully.
2026-07-06 12:13:07 | INFO     | AQOS | Shutting down AQOS...
2026-07-06 12:13:07 | INFO     | AQOS | Initializing AQOS...
2026-07-06 12:13:07 | INFO     | AQOS | Configuration loaded successfully.
2026-07-06 12:13:07 | INFO     | AQOS | Verified directory: D:\AI Products\AI Quant Operating System\aqos\logs
2026-07-06 12:13:07 | INFO     | AQOS | Verified directory: D:\AI Products\AI Quant Operating System\aqos\datasets
2026-07-06 12:13:07 | INFO     | AQOS | Verified directory: D:\AI Products\AI Quant Operating System\aqos\experiments
2026-07-06 12:13:07 | INFO     | AQOS | Verified directory: D:\AI Products\AI Quant Operating System\aqos\models
2026-07-06 12:13:07 | INFO     | AQOS | Bootstrap completed successfully.
2026-07-06 12:13:07 | INFO     | AQOS | Shutting down AQOS...
2026-07-06 12:14:24 | INFO     | AQOS | Initializing AQOS...
2026-07-06 12:14:24 | INFO     | AQOS | Configuration loaded successfully.
2026-07-06 12:14:24 | INFO     | AQOS | Verified directory: D:\AI Products\AI Quant Operating System\aqos\logs
2026-07-06 12:14:24 | INFO     | AQOS | Verified directory: D:\AI Products\AI Quant Operating System\aqos\datasets
2026-07-06 12:14:24 | INFO     | AQOS | Verified directory: D:\AI Products\AI Quant Operating System\aqos\experiments
2026-07-06 12:14:24 | INFO     | AQOS | Verified directory: D:\AI Products\AI Quant Operating System\aqos\models
2026-07-06 12:14:24 | INFO     | AQOS | Bootstrap completed successfully.
2026-07-06 12:14:24 | INFO     | AQOS | Shutting down AQOS...
2026-07-06 12:14:24 | INFO     | AQOS | Initializing AQOS...
2026-07-06 12:14:24 | INFO     | AQOS | Configuration loaded successfully.
2026-07-06 12:14:24 | INFO     | AQOS | Verified directory: D:\AI Products\AI Quant Operating System\aqos\logs
2026-07-06 12:14:24 | INFO     | AQOS | Verified directory: D:\AI Products\AI Quant Operating System\aqos\datasets
2026-07-06 12:14:24 | INFO     | AQOS | Verified directory: D:\AI Products\AI Quant Operating System\aqos\experiments
2026-07-06 12:14:24 | INFO     | AQOS | Verified directory: D:\AI Products\AI Quant Operating System\aqos\models
2026-07-06 12:14:24 | INFO     | AQOS | Bootstrap completed successfully.
2026-07-06 12:14:24 | INFO     | AQOS | Shutting down AQOS...
2026-07-06 12:14:24 | INFO     | AQOS | Initializing AQOS...
2026-07-06 12:14:24 | INFO     | AQOS | Configuration loaded successfully.
2026-07-06 12:14:24 | INFO     | AQOS | Verified directory: D:\AI Products\AI Quant Operating System\aqos\logs
2026-07-06 12:14:24 | INFO     | AQOS | Verified directory: D:\AI Products\AI Quant Operating System\aqos\datasets
2026-07-06 12:14:24 | INFO     | AQOS | Verified directory: D:\AI Products\AI Quant Operating System\aqos\experiments
2026-07-06 12:14:24 | INFO     | AQOS | Verified directory: D:\AI Products\AI Quant Operating System\aqos\models
2026-07-06 12:14:24 | INFO     | AQOS | Bootstrap completed successfully.
2026-07-06 12:14:24 | INFO     | AQOS | Shutting down AQOS...
2026-07-06 12:14:24 | INFO     | AQOS | Initializing AQOS...
2026-07-06 12:14:24 | INFO     | AQOS | Configuration loaded successfully.
2026-07-06 12:14:24 | INFO     | AQOS | Verified directory: D:\AI Products\AI Quant Operating System\aqos\logs
2026-07-06 12:14:24 | INFO     | AQOS | Verified directory: D:\AI Products\AI Quant Operating System\aqos\datasets
2026-07-06 12:14:24 | INFO     | AQOS | Verified directory: D:\AI Products\AI Quant Operating System\aqos\experiments
2026-07-06 12:14:24 | INFO     | AQOS | Verified directory: D:\AI Products\AI Quant Operating System\aqos\models
2026-07-06 12:14:24 | INFO     | AQOS | Bootstrap completed successfully.
2026-07-06 12:14:24 | INFO     | AQOS | Shutting down AQOS...
2026-07-06 12:14:24 | INFO     | AQOS | Initializing AQOS...
2026-07-06 12:14:24 | INFO     | AQOS | Configuration loaded successfully.
2026-07-06 12:14:24 | INFO     | AQOS | Verified directory: D:\AI Products\AI Quant Operating System\aqos\logs
2026-07-06 12:14:24 | INFO     | AQOS | Verified directory: D:\AI Products\AI Quant Operating System\aqos\datasets
2026-07-06 12:14:24 | INFO     | AQOS | Verified directory: D:\AI Products\AI Quant Operating System\aqos\experiments
2026-07-06 12:14:24 | INFO     | AQOS | Verified directory: D:\AI Products\AI Quant Operating System\aqos\models
2026-07-06 12:14:24 | INFO     | AQOS | Bootstrap completed successfully.
2026-07-06 12:14:24 | INFO     | AQOS | Shutting down AQOS...
2026-07-06 12:14:24 | INFO     | AQOS | Initializing AQOS...
2026-07-06 12:14:24 | INFO     | AQOS | Configuration loaded successfully.
2026-07-06 12:14:24 | INFO     | AQOS | Verified directory: D:\AI Products\AI Quant Operating System\aqos\logs
2026-07-06 12:14:24 | INFO     | AQOS | Verified directory: D:\AI Products\AI Quant Operating System\aqos\datasets
2026-07-06 12:14:24 | INFO     | AQOS | Verified directory: D:\AI Products\AI Quant Operating System\aqos\experiments
2026-07-06 12:14:24 | INFO     | AQOS | Verified directory: D:\AI Products\AI Quant Operating System\aqos\models
2026-07-06 12:14:24 | INFO     | AQOS | Bootstrap completed successfully.
2026-07-06 12:14:24 | INFO     | AQOS | Shutting down AQOS...
2026-07-06 12:14:25 | INFO     | AQOS | Initializing AQOS...
2026-07-06 12:14:25 | INFO     | AQOS | Configuration loaded successfully.
2026-07-06 12:14:25 | INFO     | AQOS | Verified directory: D:\AI Products\AI Quant Operating System\aqos\logs
2026-07-06 12:14:25 | INFO     | AQOS | Verified directory: D:\AI Products\AI Quant Operating System\aqos\datasets
2026-07-06 12:14:25 | INFO     | AQOS | Verified directory: D:\AI Products\AI Quant Operating System\aqos\experiments
2026-07-06 12:14:25 | INFO     | AQOS | Verified directory: D:\AI Products\AI Quant Operating System\aqos\models
2026-07-06 12:14:25 | INFO     | AQOS | Bootstrap completed successfully.
2026-07-06 12:14:25 | INFO     | AQOS | Shutting down AQOS...
2026-07-06 12:14:25 | INFO     | AQOS | Initializing AQOS...
2026-07-06 12:14:25 | INFO     | AQOS | Configuration loaded successfully.
2026-07-06 12:14:25 | INFO     | AQOS | Verified directory: D:\AI Products\AI Quant Operating System\aqos\logs
2026-07-06 12:14:25 | INFO     | AQOS | Verified directory: D:\AI Products\AI Quant Operating System\aqos\datasets
2026-07-06 12:14:25 | INFO     | AQOS | Verified directory: D:\AI Products\AI Quant Operating System\aqos\experiments
2026-07-06 12:14:25 | INFO     | AQOS | Verified directory: D:\AI Products\AI Quant Operating System\aqos\models
2026-07-06 12:14:25 | INFO     | AQOS | Bootstrap completed successfully.
2026-07-06 12:14:25 | INFO     | AQOS | Shutting down AQOS...
2026-07-06 12:14:25 | INFO     | AQOS | Initializing AQOS...
2026-07-06 12:14:25 | INFO     | AQOS | Configuration loaded successfully.
2026-07-06 12:14:25 | INFO     | AQOS | Verified directory: D:\AI Products\AI Quant Operating System\aqos\logs
2026-07-06 12:14:25 | INFO     | AQOS | Verified directory: D:\AI Products\AI Quant Operating System\aqos\datasets
2026-07-06 12:14:25 | INFO     | AQOS | Verified directory: D:\AI Products\AI Quant Operating System\aqos\experiments
2026-07-06 12:14:25 | INFO     | AQOS | Verified directory: D:\AI Products\AI Quant Operating System\aqos\models
2026-07-06 12:14:25 | INFO     | AQOS | Bootstrap completed successfully.
2026-07-06 12:14:25 | INFO     | AQOS | Shutting down AQOS...
2026-07-06 12:14:25 | INFO     | AQOS | Initializing AQOS...
2026-07-06 12:14:25 | INFO     | AQOS | Configuration loaded successfully.
2026-07-06 12:14:25 | INFO     | AQOS | Verified directory: D:\AI Products\AI Quant Operating System\aqos\logs
2026-07-06 12:14:25 | INFO     | AQOS | Verified directory: D:\AI Products\AI Quant Operating System\aqos\datasets
2026-07-06 12:14:25 | INFO     | AQOS | Verified directory: D:\AI Products\AI Quant Operating System\aqos\experiments
2026-07-06 12:14:25 | INFO     | AQOS | Verified directory: D:\AI Products\AI Quant Operating System\aqos\models
2026-07-06 12:14:25 | INFO     | AQOS | Bootstrap completed successfully.
2026-07-06 12:14:25 | INFO     | AQOS | Shutting down AQOS...
2026-07-06 12:14:25 | INFO     | AQOS | Initializing AQOS...
2026-07-06 12:14:25 | INFO     | AQOS | Configuration loaded successfully.
2026-07-06 12:14:25 | INFO     | AQOS | Verified directory: D:\AI Products\AI Quant Operating System\aqos\logs
2026-07-06 12:14:25 | INFO     | AQOS | Verified directory: D:\AI Products\AI Quant Operating System\aqos\datasets
2026-07-06 12:14:25 | INFO     | AQOS | Verified directory: D:\AI Products\AI Quant Operating System\aqos\experiments
2026-07-06 12:14:25 | INFO     | AQOS | Verified directory: D:\AI Products\AI Quant Operating System\aqos\models
2026-07-06 12:14:25 | INFO     | AQOS | Bootstrap completed successfully.
2026-07-06 12:14:25 | INFO     | AQOS | Shutting down AQOS...
2026-07-06 12:15:22 | INFO     | AQOS | Initializing AQOS...
2026-07-06 12:15:22 | INFO     | AQOS | Configuration loaded successfully.
2026-07-06 12:15:22 | INFO     | AQOS | Verified directory: D:\AI Products\AI Quant Operating System\aqos\logs
2026-07-06 12:15:22 | INFO     | AQOS | Verified directory: D:\AI Products\AI Quant Operating System\aqos\datasets
2026-07-06 12:15:22 | INFO     | AQOS | Verified directory: D:\AI Products\AI Quant Operating System\aqos\experiments
2026-07-06 12:15:22 | INFO     | AQOS | Verified directory: D:\AI Products\AI Quant Operating System\aqos\models
2026-07-06 12:15:22 | INFO     | AQOS | Bootstrap completed successfully.
2026-07-06 12:15:22 | INFO     | AQOS | Shutting down AQOS...
2026-07-06 12:15:22 | INFO     | AQOS | Initializing AQOS...
2026-07-06 12:15:22 | INFO     | AQOS | Configuration loaded successfully.
2026-07-06 12:15:22 | INFO     | AQOS | Verified directory: D:\AI Products\AI Quant Operating System\aqos\logs
2026-07-06 12:15:22 | INFO     | AQOS | Verified directory: D:\AI Products\AI Quant Operating System\aqos\datasets
2026-07-06 12:15:22 | INFO     | AQOS | Verified directory: D:\AI Products\AI Quant Operating System\aqos\experiments
2026-07-06 12:15:22 | INFO     | AQOS | Verified directory: D:\AI Products\AI Quant Operating System\aqos\models
2026-07-06 12:15:22 | INFO     | AQOS | Bootstrap completed successfully.
2026-07-06 12:15:22 | INFO     | AQOS | Shutting down AQOS...
2026-07-06 12:15:22 | INFO     | AQOS | Initializing AQOS...
2026-07-06 12:15:22 | INFO     | AQOS | Configuration loaded successfully.
2026-07-06 12:15:22 | INFO     | AQOS | Verified directory: D:\AI Products\AI Quant Operating System\aqos\logs
2026-07-06 12:15:22 | INFO     | AQOS | Verified directory: D:\AI Products\AI Quant Operating System\aqos\datasets
2026-07-06 12:15:22 | INFO     | AQOS | Verified directory: D:\AI Products\AI Quant Operating System\aqos\experiments
2026-07-06 12:15:22 | INFO     | AQOS | Verified directory: D:\AI Products\AI Quant Operating System\aqos\models
2026-07-06 12:15:22 | INFO     | AQOS | Bootstrap completed successfully.
2026-07-06 12:15:22 | INFO     | AQOS | Shutting down AQOS...
2026-07-06 12:15:22 | INFO     | AQOS | Initializing AQOS...
2026-07-06 12:15:22 | INFO     | AQOS | Configuration loaded successfully.
2026-07-06 12:15:22 | INFO     | AQOS | Verified directory: D:\AI Products\AI Quant Operating System\aqos\logs
2026-07-06 12:15:22 | INFO     | AQOS | Verified directory: D:\AI Products\AI Quant Operating System\aqos\datasets
2026-07-06 12:15:22 | INFO     | AQOS | Verified directory: D:\AI Products\AI Quant Operating System\aqos\experiments
2026-07-06 12:15:22 | INFO     | AQOS | Verified directory: D:\AI Products\AI Quant Operating System\aqos\models
2026-07-06 12:15:22 | INFO     | AQOS | Bootstrap completed successfully.
2026-07-06 12:15:22 | INFO     | AQOS | Shutting down AQOS...
2026-07-06 12:15:22 | INFO     | AQOS | Initializing AQOS...
2026-07-06 12:15:22 | INFO     | AQOS | Configuration loaded successfully.
2026-07-06 12:15:22 | INFO     | AQOS | Verified directory: D:\AI Products\AI Quant Operating System\aqos\logs
2026-07-06 12:15:22 | INFO     | AQOS | Verified directory: D:\AI Products\AI Quant Operating System\aqos\datasets
2026-07-06 12:15:22 | INFO     | AQOS | Verified directory: D:\AI Products\AI Quant Operating System\aqos\experiments
2026-07-06 12:15:22 | INFO     | AQOS | Verified directory: D:\AI Products\AI Quant Operating System\aqos\models
2026-07-06 12:15:22 | INFO     | AQOS | Bootstrap completed successfully.
2026-07-06 12:15:22 | INFO     | AQOS | Shutting down AQOS...
2026-07-06 12:15:23 | INFO     | AQOS | Initializing AQOS...
2026-07-06 12:15:23 | INFO     | AQOS | Configuration loaded successfully.
2026-07-06 12:15:23 | INFO     | AQOS | Verified directory: D:\AI Products\AI Quant Operating System\aqos\logs
2026-07-06 12:15:23 | INFO     | AQOS | Verified directory: D:\AI Products\AI Quant Operating System\aqos\datasets
2026-07-06 12:15:23 | INFO     | AQOS | Verified directory: D:\AI Products\AI Quant Operating System\aqos\experiments
2026-07-06 12:15:23 | INFO     | AQOS | Verified directory: D:\AI Products\AI Quant Operating System\aqos\models
2026-07-06 12:15:23 | INFO     | AQOS | Bootstrap completed successfully.
2026-07-06 12:15:23 | INFO     | AQOS | Shutting down AQOS...
2026-07-06 12:15:23 | INFO     | AQOS | Initializing AQOS...
2026-07-06 12:15:23 | INFO     | AQOS | Configuration loaded successfully.
2026-07-06 12:15:23 | INFO     | AQOS | Verified directory: D:\AI Products\AI Quant Operating System\aqos\logs
2026-07-06 12:15:23 | INFO     | AQOS | Verified directory: D:\AI Products\AI Quant Operating System\aqos\datasets
2026-07-06 12:15:23 | INFO     | AQOS | Verified directory: D:\AI Products\AI Quant Operating System\aqos\experiments
2026-07-06 12:15:23 | INFO     | AQOS | Verified directory: D:\AI Products\AI Quant Operating System\aqos\models
2026-07-06 12:15:23 | INFO     | AQOS | Bootstrap completed successfully.
2026-07-06 12:15:23 | INFO     | AQOS | Shutting down AQOS...
2026-07-06 12:15:23 | INFO     | AQOS | Initializing AQOS...
2026-07-06 12:15:23 | INFO     | AQOS | Configuration loaded successfully.
2026-07-06 12:15:23 | INFO     | AQOS | Verified directory: D:\AI Products\AI Quant Operating System\aqos\logs
2026-07-06 12:15:23 | INFO     | AQOS | Verified directory: D:\AI Products\AI Quant Operating System\aqos\datasets
2026-07-06 12:15:23 | INFO     | AQOS | Verified directory: D:\AI Products\AI Quant Operating System\aqos\experiments
2026-07-06 12:15:23 | INFO     | AQOS | Verified directory: D:\AI Products\AI Quant Operating System\aqos\models
2026-07-06 12:15:23 | INFO     | AQOS | Bootstrap completed successfully.
2026-07-06 12:15:23 | INFO     | AQOS | Shutting down AQOS...
2026-07-06 12:15:23 | INFO     | AQOS | Initializing AQOS...
2026-07-06 12:15:23 | INFO     | AQOS | Configuration loaded successfully.
2026-07-06 12:15:23 | INFO     | AQOS | Verified directory: D:\AI Products\AI Quant Operating System\aqos\logs
2026-07-06 12:15:23 | INFO     | AQOS | Verified directory: D:\AI Products\AI Quant Operating System\aqos\datasets
2026-07-06 12:15:23 | INFO     | AQOS | Verified directory: D:\AI Products\AI Quant Operating System\aqos\experiments
2026-07-06 12:15:23 | INFO     | AQOS | Verified directory: D:\AI Products\AI Quant Operating System\aqos\models
2026-07-06 12:15:23 | INFO     | AQOS | Bootstrap completed successfully.
2026-07-06 12:15:23 | INFO     | AQOS | Shutting down AQOS...
2026-07-06 12:15:23 | INFO     | AQOS | Initializing AQOS...
2026-07-06 12:15:23 | INFO     | AQOS | Configuration loaded successfully.
2026-07-06 12:15:23 | INFO     | AQOS | Verified directory: D:\AI Products\AI Quant Operating System\aqos\logs
2026-07-06 12:15:23 | INFO     | AQOS | Verified directory: D:\AI Products\AI Quant Operating System\aqos\datasets
2026-07-06 12:15:23 | INFO     | AQOS | Verified directory: D:\AI Products\AI Quant Operating System\aqos\experiments
2026-07-06 12:15:23 | INFO     | AQOS | Verified directory: D:\AI Products\AI Quant Operating System\aqos\models
2026-07-06 12:15:23 | INFO     | AQOS | Bootstrap completed successfully.
2026-07-06 12:15:23 | INFO     | AQOS | Shutting down AQOS...
2026-07-06 12:15:23 | INFO     | AQOS | Initializing AQOS...
2026-07-06 12:15:23 | INFO     | AQOS | Configuration loaded successfully.
2026-07-06 12:15:23 | INFO     | AQOS | Verified directory: D:\AI Products\AI Quant Operating System\aqos\logs
2026-07-06 12:15:23 | INFO     | AQOS | Verified directory: D:\AI Products\AI Quant Operating System\aqos\datasets
2026-07-06 12:15:23 | INFO     | AQOS | Verified directory: D:\AI Products\AI Quant Operating System\aqos\experiments
2026-07-06 12:15:23 | INFO     | AQOS | Verified directory: D:\AI Products\AI Quant Operating System\aqos\models
2026-07-06 12:15:23 | INFO     | AQOS | Bootstrap completed successfully.
2026-07-06 12:15:23 | INFO     | AQOS | Shutting down AQOS...
2026-07-06 12:16:23 | INFO     | AQOS | Initializing AQOS...
2026-07-06 12:16:23 | INFO     | AQOS | Configuration loaded successfully.
2026-07-06 12:16:23 | INFO     | AQOS | Verified directory: D:\AI Products\AI Quant Operating System\aqos\logs
2026-07-06 12:16:23 | INFO     | AQOS | Verified directory: D:\AI Products\AI Quant Operating System\aqos\datasets
2026-07-06 12:16:23 | INFO     | AQOS | Verified directory: D:\AI Products\AI Quant Operating System\aqos\experiments
2026-07-06 12:16:23 | INFO     | AQOS | Verified directory: D:\AI Products\AI Quant Operating System\aqos\models
2026-07-06 12:16:23 | INFO     | AQOS | Bootstrap completed successfully.
2026-07-06 12:16:23 | INFO     | AQOS | Shutting down AQOS...
2026-07-06 12:16:23 | INFO     | AQOS | Initializing AQOS...
2026-07-06 12:16:23 | INFO     | AQOS | Configuration loaded successfully.
2026-07-06 12:16:23 | INFO     | AQOS | Verified directory: D:\AI Products\AI Quant Operating System\aqos\logs
2026-07-06 12:16:23 | INFO     | AQOS | Verified directory: D:\AI Products\AI Quant Operating System\aqos\datasets
2026-07-06 12:16:23 | INFO     | AQOS | Verified directory: D:\AI Products\AI Quant Operating System\aqos\experiments
2026-07-06 12:16:23 | INFO     | AQOS | Verified directory: D:\AI Products\AI Quant Operating System\aqos\models
2026-07-06 12:16:23 | INFO     | AQOS | Bootstrap completed successfully.
2026-07-06 12:16:23 | INFO     | AQOS | Shutting down AQOS...
2026-07-06 12:16:23 | INFO     | AQOS | Initializing AQOS...
2026-07-06 12:16:23 | INFO     | AQOS | Configuration loaded successfully.
2026-07-06 12:16:23 | INFO     | AQOS | Verified directory: D:\AI Products\AI Quant Operating System\aqos\logs
2026-07-06 12:16:23 | INFO     | AQOS | Verified directory: D:\AI Products\AI Quant Operating System\aqos\datasets
2026-07-06 12:16:23 | INFO     | AQOS | Verified directory: D:\AI Products\AI Quant Operating System\aqos\experiments
2026-07-06 12:16:23 | INFO     | AQOS | Verified directory: D:\AI Products\AI Quant Operating System\aqos\models
2026-07-06 12:16:23 | INFO     | AQOS | Bootstrap completed successfully.
2026-07-06 12:16:23 | INFO     | AQOS | Shutting down AQOS...
2026-07-06 12:16:23 | INFO     | AQOS | Initializing AQOS...
2026-07-06 12:16:23 | INFO     | AQOS | Configuration loaded successfully.
2026-07-06 12:16:23 | INFO     | AQOS | Verified directory: D:\AI Products\AI Quant Operating System\aqos\logs
2026-07-06 12:16:23 | INFO     | AQOS | Verified directory: D:\AI Products\AI Quant Operating System\aqos\datasets
2026-07-06 12:16:23 | INFO     | AQOS | Verified directory: D:\AI Products\AI Quant Operating System\aqos\experiments
2026-07-06 12:16:23 | INFO     | AQOS | Verified directory: D:\AI Products\AI Quant Operating System\aqos\models
2026-07-06 12:16:23 | INFO     | AQOS | Bootstrap completed successfully.
2026-07-06 12:16:23 | INFO     | AQOS | Shutting down AQOS...
2026-07-06 12:16:23 | INFO     | AQOS | Initializing AQOS...
2026-07-06 12:16:23 | INFO     | AQOS | Configuration loaded successfully.
2026-07-06 12:16:23 | INFO     | AQOS | Verified directory: D:\AI Products\AI Quant Operating System\aqos\logs
2026-07-06 12:16:23 | INFO     | AQOS | Verified directory: D:\AI Products\AI Quant Operating System\aqos\datasets
2026-07-06 12:16:23 | INFO     | AQOS | Verified directory: D:\AI Products\AI Quant Operating System\aqos\experiments
2026-07-06 12:16:23 | INFO     | AQOS | Verified directory: D:\AI Products\AI Quant Operating System\aqos\models
2026-07-06 12:16:23 | INFO     | AQOS | Bootstrap completed successfully.
2026-07-06 12:16:23 | INFO     | AQOS | Shutting down AQOS...
2026-07-06 12:16:23 | INFO     | AQOS | Initializing AQOS...
2026-07-06 12:16:23 | INFO     | AQOS | Configuration loaded successfully.
2026-07-06 12:16:23 | INFO     | AQOS | Verified directory: D:\AI Products\AI Quant Operating System\aqos\logs
2026-07-06 12:16:23 | INFO     | AQOS | Verified directory: D:\AI Products\AI Quant Operating System\aqos\datasets
2026-07-06 12:16:23 | INFO     | AQOS | Verified directory: D:\AI Products\AI Quant Operating System\aqos\experiments
2026-07-06 12:16:23 | INFO     | AQOS | Verified directory: D:\AI Products\AI Quant Operating System\aqos\models
2026-07-06 12:16:23 | INFO     | AQOS | Bootstrap completed successfully.
2026-07-06 12:16:23 | INFO     | AQOS | Shutting down AQOS...
2026-07-06 12:16:23 | INFO     | AQOS | Initializing AQOS...
2026-07-06 12:16:23 | INFO     | AQOS | Configuration loaded successfully.
2026-07-06 12:16:23 | INFO     | AQOS | Verified directory: D:\AI Products\AI Quant Operating System\aqos\logs
2026-07-06 12:16:23 | INFO     | AQOS | Verified directory: D:\AI Products\AI Quant Operating System\aqos\datasets
2026-07-06 12:16:23 | INFO     | AQOS | Verified directory: D:\AI Products\AI Quant Operating System\aqos\experiments
2026-07-06 12:16:23 | INFO     | AQOS | Verified directory: D:\AI Products\AI Quant Operating System\aqos\models
2026-07-06 12:16:23 | INFO     | AQOS | Bootstrap completed successfully.
2026-07-06 12:16:23 | INFO     | AQOS | Shutting down AQOS...
2026-07-06 12:16:23 | INFO     | AQOS | Initializing AQOS...
2026-07-06 12:16:23 | INFO     | AQOS | Configuration loaded successfully.
2026-07-06 12:16:23 | INFO     | AQOS | Verified directory: D:\AI Products\AI Quant Operating System\aqos\logs
2026-07-06 12:16:23 | INFO     | AQOS | Verified directory: D:\AI Products\AI Quant Operating System\aqos\datasets
2026-07-06 12:16:23 | INFO     | AQOS | Verified directory: D:\AI Products\AI Quant Operating System\aqos\experiments
2026-07-06 12:16:23 | INFO     | AQOS | Verified directory: D:\AI Products\AI Quant Operating System\aqos\models
2026-07-06 12:16:23 | INFO     | AQOS | Bootstrap completed successfully.
2026-07-06 12:16:23 | INFO     | AQOS | Shutting down AQOS...
2026-07-06 12:16:23 | INFO     | AQOS | Initializing AQOS...
2026-07-06 12:16:23 | INFO     | AQOS | Configuration loaded successfully.
2026-07-06 12:16:23 | INFO     | AQOS | Verified directory: D:\AI Products\AI Quant Operating System\aqos\logs
2026-07-06 12:16:23 | INFO     | AQOS | Verified directory: D:\AI Products\AI Quant Operating System\aqos\datasets
2026-07-06 12:16:23 | INFO     | AQOS | Verified directory: D:\AI Products\AI Quant Operating System\aqos\experiments
2026-07-06 12:16:23 | INFO     | AQOS | Verified directory: D:\AI Products\AI Quant Operating System\aqos\models
2026-07-06 12:16:23 | INFO     | AQOS | Bootstrap completed successfully.
2026-07-06 12:16:23 | INFO     | AQOS | Shutting down AQOS...
2026-07-06 12:16:23 | INFO     | AQOS | Initializing AQOS...
2026-07-06 12:16:23 | INFO     | AQOS | Configuration loaded successfully.
2026-07-06 12:16:23 | INFO     | AQOS | Verified directory: D:\AI Products\AI Quant Operating System\aqos\logs
2026-07-06 12:16:23 | INFO     | AQOS | Verified directory: D:\AI Products\AI Quant Operating System\aqos\datasets
2026-07-06 12:16:23 | INFO     | AQOS | Verified directory: D:\AI Products\AI Quant Operating System\aqos\experiments
2026-07-06 12:16:23 | INFO     | AQOS | Verified directory: D:\AI Products\AI Quant Operating System\aqos\models
2026-07-06 12:16:23 | INFO     | AQOS | Bootstrap completed successfully.
2026-07-06 12:16:23 | INFO     | AQOS | Shutting down AQOS...
2026-07-06 12:16:23 | INFO     | AQOS | Initializing AQOS...
2026-07-06 12:16:23 | INFO     | AQOS | Configuration loaded successfully.
2026-07-06 12:16:23 | INFO     | AQOS | Verified directory: D:\AI Products\AI Quant Operating System\aqos\logs
2026-07-06 12:16:23 | INFO     | AQOS | Verified directory: D:\AI Products\AI Quant Operating System\aqos\datasets
2026-07-06 12:16:23 | INFO     | AQOS | Verified directory: D:\AI Products\AI Quant Operating System\aqos\experiments
2026-07-06 12:16:23 | INFO     | AQOS | Verified directory: D:\AI Products\AI Quant Operating System\aqos\models
2026-07-06 12:16:23 | INFO     | AQOS | Bootstrap completed successfully.
2026-07-06 12:16:23 | INFO     | AQOS | Shutting down AQOS...
2026-07-06 12:17:39 | INFO     | AQOS | Initializing AQOS...
2026-07-06 12:17:39 | INFO     | AQOS | Configuration loaded successfully.
2026-07-06 12:17:39 | INFO     | AQOS | Verified directory: D:\AI Products\AI Quant Operating System\aqos\logs
2026-07-06 12:17:39 | INFO     | AQOS | Verified directory: D:\AI Products\AI Quant Operating System\aqos\datasets
2026-07-06 12:17:39 | INFO     | AQOS | Verified directory: D:\AI Products\AI Quant Operating System\aqos\experiments
2026-07-06 12:17:39 | INFO     | AQOS | Verified directory: D:\AI Products\AI Quant Operating System\aqos\models
2026-07-06 12:17:39 | INFO     | AQOS | Bootstrap completed successfully.
2026-07-06 12:17:39 | INFO     | AQOS | Shutting down AQOS...
2026-07-06 12:17:39 | INFO     | AQOS | Initializing AQOS...
2026-07-06 12:17:39 | INFO     | AQOS | Configuration loaded successfully.
2026-07-06 12:17:39 | INFO     | AQOS | Verified directory: D:\AI Products\AI Quant Operating System\aqos\logs
2026-07-06 12:17:39 | INFO     | AQOS | Verified directory: D:\AI Products\AI Quant Operating System\aqos\datasets
2026-07-06 12:17:39 | INFO     | AQOS | Verified directory: D:\AI Products\AI Quant Operating System\aqos\experiments
2026-07-06 12:17:39 | INFO     | AQOS | Verified directory: D:\AI Products\AI Quant Operating System\aqos\models
2026-07-06 12:17:39 | INFO     | AQOS | Bootstrap completed successfully.
2026-07-06 12:17:39 | INFO     | AQOS | Shutting down AQOS...
2026-07-06 12:17:39 | INFO     | AQOS | Initializing AQOS...
2026-07-06 12:17:39 | INFO     | AQOS | Configuration loaded successfully.
2026-07-06 12:17:39 | INFO     | AQOS | Verified directory: D:\AI Products\AI Quant Operating System\aqos\logs
2026-07-06 12:17:39 | INFO     | AQOS | Verified directory: D:\AI Products\AI Quant Operating System\aqos\datasets
2026-07-06 12:17:39 | INFO     | AQOS | Verified directory: D:\AI Products\AI Quant Operating System\aqos\experiments
2026-07-06 12:17:39 | INFO     | AQOS | Verified directory: D:\AI Products\AI Quant Operating System\aqos\models
2026-07-06 12:17:39 | INFO     | AQOS | Bootstrap completed successfully.
2026-07-06 12:17:39 | INFO     | AQOS | Shutting down AQOS...
2026-07-06 12:17:39 | INFO     | AQOS | Initializing AQOS...
2026-07-06 12:17:39 | INFO     | AQOS | Configuration loaded successfully.
2026-07-06 12:17:39 | INFO     | AQOS | Verified directory: D:\AI Products\AI Quant Operating System\aqos\logs
2026-07-06 12:17:39 | INFO     | AQOS | Verified directory: D:\AI Products\AI Quant Operating System\aqos\datasets
2026-07-06 12:17:39 | INFO     | AQOS | Verified directory: D:\AI Products\AI Quant Operating System\aqos\experiments
2026-07-06 12:17:39 | INFO     | AQOS | Verified directory: D:\AI Products\AI Quant Operating System\aqos\models
2026-07-06 12:17:39 | INFO     | AQOS | Bootstrap completed successfully.
2026-07-06 12:17:39 | INFO     | AQOS | Shutting down AQOS...
2026-07-06 12:17:39 | INFO     | AQOS | Initializing AQOS...
2026-07-06 12:17:39 | INFO     | AQOS | Configuration loaded successfully.
2026-07-06 12:17:39 | INFO     | AQOS | Verified directory: D:\AI Products\AI Quant Operating System\aqos\logs
2026-07-06 12:17:39 | INFO     | AQOS | Verified directory: D:\AI Products\AI Quant Operating System\aqos\datasets
2026-07-06 12:17:39 | INFO     | AQOS | Verified directory: D:\AI Products\AI Quant Operating System\aqos\experiments
2026-07-06 12:17:39 | INFO     | AQOS | Verified directory: D:\AI Products\AI Quant Operating System\aqos\models
2026-07-06 12:17:39 | INFO     | AQOS | Bootstrap completed successfully.
2026-07-06 12:17:39 | INFO     | AQOS | Shutting down AQOS...
2026-07-06 12:17:39 | INFO     | AQOS | Initializing AQOS...
2026-07-06 12:17:39 | INFO     | AQOS | Configuration loaded successfully.
2026-07-06 12:17:39 | INFO     | AQOS | Verified directory: D:\AI Products\AI Quant Operating System\aqos\logs
2026-07-06 12:17:39 | INFO     | AQOS | Verified directory: D:\AI Products\AI Quant Operating System\aqos\datasets
2026-07-06 12:17:39 | INFO     | AQOS | Verified directory: D:\AI Products\AI Quant Operating System\aqos\experiments
2026-07-06 12:17:39 | INFO     | AQOS | Verified directory: D:\AI Products\AI Quant Operating System\aqos\models
2026-07-06 12:17:39 | INFO     | AQOS | Bootstrap completed successfully.
2026-07-06 12:17:39 | INFO     | AQOS | Shutting down AQOS...
2026-07-06 12:17:40 | INFO     | AQOS | Initializing AQOS...
2026-07-06 12:17:40 | INFO     | AQOS | Configuration loaded successfully.
2026-07-06 12:17:40 | INFO     | AQOS | Verified directory: D:\AI Products\AI Quant Operating System\aqos\logs
2026-07-06 12:17:40 | INFO     | AQOS | Verified directory: D:\AI Products\AI Quant Operating System\aqos\datasets
2026-07-06 12:17:40 | INFO     | AQOS | Verified directory: D:\AI Products\AI Quant Operating System\aqos\experiments
2026-07-06 12:17:40 | INFO     | AQOS | Verified directory: D:\AI Products\AI Quant Operating System\aqos\models
2026-07-06 12:17:40 | INFO     | AQOS | Bootstrap completed successfully.
2026-07-06 12:17:40 | INFO     | AQOS | Shutting down AQOS...
2026-07-06 12:17:40 | INFO     | AQOS | Initializing AQOS...
2026-07-06 12:17:40 | INFO     | AQOS | Configuration loaded successfully.
2026-07-06 12:17:40 | INFO     | AQOS | Verified directory: D:\AI Products\AI Quant Operating System\aqos\logs
2026-07-06 12:17:40 | INFO     | AQOS | Verified directory: D:\AI Products\AI Quant Operating System\aqos\datasets
2026-07-06 12:17:40 | INFO     | AQOS | Verified directory: D:\AI Products\AI Quant Operating System\aqos\experiments
2026-07-06 12:17:40 | INFO     | AQOS | Verified directory: D:\AI Products\AI Quant Operating System\aqos\models
2026-07-06 12:17:40 | INFO     | AQOS | Bootstrap completed successfully.
2026-07-06 12:17:40 | INFO     | AQOS | Shutting down AQOS...
2026-07-06 12:17:40 | INFO     | AQOS | Initializing AQOS...
2026-07-06 12:17:40 | INFO     | AQOS | Configuration loaded successfully.
2026-07-06 12:17:40 | INFO     | AQOS | Verified directory: D:\AI Products\AI Quant Operating System\aqos\logs
2026-07-06 12:17:40 | INFO     | AQOS | Verified directory: D:\AI Products\AI Quant Operating System\aqos\datasets
2026-07-06 12:17:40 | INFO     | AQOS | Verified directory: D:\AI Products\AI Quant Operating System\aqos\experiments
2026-07-06 12:17:40 | INFO     | AQOS | Verified directory: D:\AI Products\AI Quant Operating System\aqos\models
2026-07-06 12:17:40 | INFO     | AQOS | Bootstrap completed successfully.
2026-07-06 12:17:40 | INFO     | AQOS | Shutting down AQOS...
2026-07-06 12:17:40 | INFO     | AQOS | Initializing AQOS...
2026-07-06 12:17:40 | INFO     | AQOS | Configuration loaded successfully.
2026-07-06 12:17:40 | INFO     | AQOS | Verified directory: D:\AI Products\AI Quant Operating System\aqos\logs
2026-07-06 12:17:40 | INFO     | AQOS | Verified directory: D:\AI Products\AI Quant Operating System\aqos\datasets
2026-07-06 12:17:40 | INFO     | AQOS | Verified directory: D:\AI Products\AI Quant Operating System\aqos\experiments
2026-07-06 12:17:40 | INFO     | AQOS | Verified directory: D:\AI Products\AI Quant Operating System\aqos\models
2026-07-06 12:17:40 | INFO     | AQOS | Bootstrap completed successfully.
2026-07-06 12:17:40 | INFO     | AQOS | Shutting down AQOS...
2026-07-06 12:17:40 | INFO     | AQOS | Initializing AQOS...
2026-07-06 12:17:40 | INFO     | AQOS | Configuration loaded successfully.
2026-07-06 12:17:40 | INFO     | AQOS | Verified directory: D:\AI Products\AI Quant Operating System\aqos\logs
2026-07-06 12:17:40 | INFO     | AQOS | Verified directory: D:\AI Products\AI Quant Operating System\aqos\datasets
2026-07-06 12:17:40 | INFO     | AQOS | Verified directory: D:\AI Products\AI Quant Operating System\aqos\experiments
2026-07-06 12:17:40 | INFO     | AQOS | Verified directory: D:\AI Products\AI Quant Operating System\aqos\models
2026-07-06 12:17:40 | INFO     | AQOS | Bootstrap completed successfully.
2026-07-06 12:17:40 | INFO     | AQOS | Shutting down AQOS...
2026-07-06 12:18:42 | INFO     | AQOS | Initializing AQOS...
2026-07-06 12:18:42 | INFO     | AQOS | Configuration loaded successfully.
2026-07-06 12:18:42 | INFO     | AQOS | Verified directory: D:\AI Products\AI Quant Operating System\aqos\logs
2026-07-06 12:18:42 | INFO     | AQOS | Verified directory: D:\AI Products\AI Quant Operating System\aqos\datasets
2026-07-06 12:18:42 | INFO     | AQOS | Verified directory: D:\AI Products\AI Quant Operating System\aqos\experiments
2026-07-06 12:18:42 | INFO     | AQOS | Verified directory: D:\AI Products\AI Quant Operating System\aqos\models
2026-07-06 12:18:42 | INFO     | AQOS | Bootstrap completed successfully.
2026-07-06 12:18:42 | INFO     | AQOS | Shutting down AQOS...
2026-07-06 12:18:42 | INFO     | AQOS | Initializing AQOS...
2026-07-06 12:18:42 | INFO     | AQOS | Configuration loaded successfully.
2026-07-06 12:18:42 | INFO     | AQOS | Verified directory: D:\AI Products\AI Quant Operating System\aqos\logs
2026-07-06 12:18:42 | INFO     | AQOS | Verified directory: D:\AI Products\AI Quant Operating System\aqos\datasets
2026-07-06 12:18:42 | INFO     | AQOS | Verified directory: D:\AI Products\AI Quant Operating System\aqos\experiments
2026-07-06 12:18:42 | INFO     | AQOS | Verified directory: D:\AI Products\AI Quant Operating System\aqos\models
2026-07-06 12:18:42 | INFO     | AQOS | Bootstrap completed successfully.
2026-07-06 12:18:42 | INFO     | AQOS | Shutting down AQOS...
2026-07-06 12:18:42 | INFO     | AQOS | Initializing AQOS...
2026-07-06 12:18:42 | INFO     | AQOS | Configuration loaded successfully.
2026-07-06 12:18:42 | INFO     | AQOS | Verified directory: D:\AI Products\AI Quant Operating System\aqos\logs
2026-07-06 12:18:42 | INFO     | AQOS | Verified directory: D:\AI Products\AI Quant Operating System\aqos\datasets
2026-07-06 12:18:42 | INFO     | AQOS | Verified directory: D:\AI Products\AI Quant Operating System\aqos\experiments
2026-07-06 12:18:42 | INFO     | AQOS | Verified directory: D:\AI Products\AI Quant Operating System\aqos\models
2026-07-06 12:18:42 | INFO     | AQOS | Bootstrap completed successfully.
2026-07-06 12:18:42 | INFO     | AQOS | Shutting down AQOS...
2026-07-06 12:18:42 | INFO     | AQOS | Initializing AQOS...
2026-07-06 12:18:42 | INFO     | AQOS | Configuration loaded successfully.
2026-07-06 12:18:42 | INFO     | AQOS | Verified directory: D:\AI Products\AI Quant Operating System\aqos\logs
2026-07-06 12:18:42 | INFO     | AQOS | Verified directory: D:\AI Products\AI Quant Operating System\aqos\datasets
2026-07-06 12:18:42 | INFO     | AQOS | Verified directory: D:\AI Products\AI Quant Operating System\aqos\experiments
2026-07-06 12:18:42 | INFO     | AQOS | Verified directory: D:\AI Products\AI Quant Operating System\aqos\models
2026-07-06 12:18:42 | INFO     | AQOS | Bootstrap completed successfully.
2026-07-06 12:18:42 | INFO     | AQOS | Shutting down AQOS...
2026-07-06 12:18:42 | INFO     | AQOS | Initializing AQOS...
2026-07-06 12:18:42 | INFO     | AQOS | Configuration loaded successfully.
2026-07-06 12:18:42 | INFO     | AQOS | Verified directory: D:\AI Products\AI Quant Operating System\aqos\logs
2026-07-06 12:18:42 | INFO     | AQOS | Verified directory: D:\AI Products\AI Quant Operating System\aqos\datasets
2026-07-06 12:18:42 | INFO     | AQOS | Verified directory: D:\AI Products\AI Quant Operating System\aqos\experiments
2026-07-06 12:18:42 | INFO     | AQOS | Verified directory: D:\AI Products\AI Quant Operating System\aqos\models
2026-07-06 12:18:42 | INFO     | AQOS | Bootstrap completed successfully.
2026-07-06 12:18:42 | INFO     | AQOS | Shutting down AQOS...
2026-07-06 12:18:43 | INFO     | AQOS | Initializing AQOS...
2026-07-06 12:18:43 | INFO     | AQOS | Configuration loaded successfully.
2026-07-06 12:18:43 | INFO     | AQOS | Verified directory: D:\AI Products\AI Quant Operating System\aqos\logs
2026-07-06 12:18:43 | INFO     | AQOS | Verified directory: D:\AI Products\AI Quant Operating System\aqos\datasets
2026-07-06 12:18:43 | INFO     | AQOS | Verified directory: D:\AI Products\AI Quant Operating System\aqos\experiments
2026-07-06 12:18:43 | INFO     | AQOS | Verified directory: D:\AI Products\AI Quant Operating System\aqos\models
2026-07-06 12:18:43 | INFO     | AQOS | Bootstrap completed successfully.
2026-07-06 12:18:43 | INFO     | AQOS | Shutting down AQOS...
2026-07-06 12:18:43 | INFO     | AQOS | Initializing AQOS...
2026-07-06 12:18:43 | INFO     | AQOS | Configuration loaded successfully.
2026-07-06 12:18:43 | INFO     | AQOS | Verified directory: D:\AI Products\AI Quant Operating System\aqos\logs
2026-07-06 12:18:43 | INFO     | AQOS | Verified directory: D:\AI Products\AI Quant Operating System\aqos\datasets
2026-07-06 12:18:43 | INFO     | AQOS | Verified directory: D:\AI Products\AI Quant Operating System\aqos\experiments
2026-07-06 12:18:43 | INFO     | AQOS | Verified directory: D:\AI Products\AI Quant Operating System\aqos\models
2026-07-06 12:18:43 | INFO     | AQOS | Bootstrap completed successfully.
2026-07-06 12:18:43 | INFO     | AQOS | Shutting down AQOS...
2026-07-06 12:18:43 | INFO     | AQOS | Initializing AQOS...
2026-07-06 12:18:43 | INFO     | AQOS | Configuration loaded successfully.
2026-07-06 12:18:43 | INFO     | AQOS | Verified directory: D:\AI Products\AI Quant Operating System\aqos\logs
2026-07-06 12:18:43 | INFO     | AQOS | Verified directory: D:\AI Products\AI Quant Operating System\aqos\datasets
2026-07-06 12:18:43 | INFO     | AQOS | Verified directory: D:\AI Products\AI Quant Operating System\aqos\experiments
2026-07-06 12:18:43 | INFO     | AQOS | Verified directory: D:\AI Products\AI Quant Operating System\aqos\models
2026-07-06 12:18:43 | INFO     | AQOS | Bootstrap completed successfully.
2026-07-06 12:18:43 | INFO     | AQOS | Shutting down AQOS...
2026-07-06 12:18:43 | INFO     | AQOS | Initializing AQOS...
2026-07-06 12:18:43 | INFO     | AQOS | Configuration loaded successfully.
2026-07-06 12:18:43 | INFO     | AQOS | Verified directory: D:\AI Products\AI Quant Operating System\aqos\logs
2026-07-06 12:18:43 | INFO     | AQOS | Verified directory: D:\AI Products\AI Quant Operating System\aqos\datasets
2026-07-06 12:18:43 | INFO     | AQOS | Verified directory: D:\AI Products\AI Quant Operating System\aqos\experiments
2026-07-06 12:18:43 | INFO     | AQOS | Verified directory: D:\AI Products\AI Quant Operating System\aqos\models
2026-07-06 12:18:43 | INFO     | AQOS | Bootstrap completed successfully.
2026-07-06 12:18:43 | INFO     | AQOS | Shutting down AQOS...
2026-07-06 12:18:43 | INFO     | AQOS | Initializing AQOS...
2026-07-06 12:18:43 | INFO     | AQOS | Configuration loaded successfully.
2026-07-06 12:18:43 | INFO     | AQOS | Verified directory: D:\AI Products\AI Quant Operating System\aqos\logs
2026-07-06 12:18:43 | INFO     | AQOS | Verified directory: D:\AI Products\AI Quant Operating System\aqos\datasets
2026-07-06 12:18:43 | INFO     | AQOS | Verified directory: D:\AI Products\AI Quant Operating System\aqos\experiments
2026-07-06 12:18:43 | INFO     | AQOS | Verified directory: D:\AI Products\AI Quant Operating System\aqos\models
2026-07-06 12:18:43 | INFO     | AQOS | Bootstrap completed successfully.
2026-07-06 12:18:43 | INFO     | AQOS | Shutting down AQOS...
2026-07-06 12:18:43 | INFO     | AQOS | Initializing AQOS...
2026-07-06 12:18:43 | INFO     | AQOS | Configuration loaded successfully.
2026-07-06 12:18:43 | INFO     | AQOS | Verified directory: D:\AI Products\AI Quant Operating System\aqos\logs
2026-07-06 12:18:43 | INFO     | AQOS | Verified directory: D:\AI Products\AI Quant Operating System\aqos\datasets
2026-07-06 12:18:43 | INFO     | AQOS | Verified directory: D:\AI Products\AI Quant Operating System\aqos\experiments
2026-07-06 12:18:43 | INFO     | AQOS | Verified directory: D:\AI Products\AI Quant Operating System\aqos\models
2026-07-06 12:18:43 | INFO     | AQOS | Bootstrap completed successfully.
2026-07-06 12:18:43 | INFO     | AQOS | Shutting down AQOS...
